{"/home/travis/build/npmtest/node-npmtest-color/test.js":{"path":"/home/travis/build/npmtest/node-npmtest-color/test.js","s":{"1":2,"2":2,"3":2,"4":2,"5":2,"6":2,"7":2,"8":1,"9":2,"10":2,"11":1,"12":1,"13":1,"14":1,"15":2,"16":2,"17":2,"18":2,"19":1,"20":1,"21":2,"22":2,"23":2,"24":1,"25":1,"26":1,"27":1,"28":1,"29":1,"30":1,"31":1,"32":1,"33":1,"34":1,"35":1,"36":1,"37":2,"38":2,"39":1,"40":2,"41":2,"42":1,"43":2,"44":2,"45":1,"46":2,"47":2,"48":1,"49":1,"50":1,"51":1,"52":1},"b":{"1":[2,1,1,1],"2":[1,1,1,1],"3":[1,1],"4":[1,1],"5":[1,1],"6":[1,1],"7":[1,1],"8":[1,1],"9":[1,1,1],"10":[1,1],"11":[1,1],"12":[1,1],"13":[1,1],"14":[1,1],"15":[1,1],"16":[1,1]},"f":{"1":2,"2":2,"3":2,"4":2,"5":2,"6":1,"7":1,"8":2,"9":2,"10":2,"11":2,"12":1},"fnMap":{"1":{"name":"(anonymous_1)","line":12,"loc":{"start":{"line":12,"column":1},"end":{"line":12,"column":13}}},"2":{"name":"(anonymous_2)","line":19,"loc":{"start":{"line":19,"column":5},"end":{"line":19,"column":17}}},"3":{"name":"(anonymous_3)","line":23,"loc":{"start":{"line":23,"column":24},"end":{"line":23,"column":36}}},"4":{"name":"(anonymous_4)","line":61,"loc":{"start":{"line":61,"column":5},"end":{"line":61,"column":17}}},"5":{"name":"(anonymous_5)","line":82,"loc":{"start":{"line":82,"column":5},"end":{"line":82,"column":17}}},"6":{"name":"(anonymous_6)","line":102,"loc":{"start":{"line":102,"column":83},"end":{"line":105,"column":10}},"skip":true},"7":{"name":"(anonymous_7)","line":113,"loc":{"start":{"line":113,"column":77},"end":{"line":116,"column":10}},"skip":true},"8":{"name":"(anonymous_8)","line":129,"loc":{"start":{"line":129,"column":12},"end":{"line":129,"column":40}},"skip":true},"9":{"name":"(anonymous_9)","line":137,"loc":{"start":{"line":137,"column":77},"end":{"line":140,"column":10}},"skip":true},"10":{"name":"(anonymous_10)","line":148,"loc":{"start":{"line":148,"column":83},"end":{"line":151,"column":10}},"skip":true},"11":{"name":"(anonymous_11)","line":159,"loc":{"start":{"line":159,"column":79},"end":{"line":162,"column":10}},"skip":true},"12":{"name":"(anonymous_12)","line":170,"loc":{"start":{"line":170,"column":75},"end":{"line":173,"column":10}},"skip":true}},"statementMap":{"1":{"start":{"line":12,"column":0},"end":{"line":185,"column":5}},"2":{"start":{"line":14,"column":4},"end":{"line":14,"column":14}},"3":{"start":{"line":19,"column":4},"end":{"line":56,"column":9}},"4":{"start":{"line":21,"column":8},"end":{"line":21,"column":19}},"5":{"start":{"line":23,"column":8},"end":{"line":35,"column":13}},"6":{"start":{"line":24,"column":12},"end":{"line":34,"column":13}},"7":{"start":{"line":25,"column":16},"end":{"line":28,"column":30}},"8":{"start":{"line":30,"column":16},"end":{"line":33,"column":27}},"9":{"start":{"line":37,"column":8},"end":{"line":39,"column":21}},"10":{"start":{"line":40,"column":8},"end":{"line":53,"column":9}},"11":{"start":{"line":43,"column":12},"end":{"line":46,"column":14}},"12":{"start":{"line":47,"column":12},"end":{"line":47,"column":18}},"13":{"start":{"line":50,"column":12},"end":{"line":51,"column":46}},"14":{"start":{"line":52,"column":12},"end":{"line":52,"column":18}},"15":{"start":{"line":55,"column":8},"end":{"line":55,"column":35}},"16":{"start":{"line":61,"column":4},"end":{"line":63,"column":9}},"17":{"start":{"line":62,"column":8},"end":{"line":62,"column":15}},"18":{"start":{"line":64,"column":4},"end":{"line":77,"column":5}},"19":{"start":{"line":70,"column":8},"end":{"line":70,"column":14}},"20":{"start":{"line":76,"column":8},"end":{"line":76,"column":14}},"21":{"start":{"line":82,"column":4},"end":{"line":84,"column":9}},"22":{"start":{"line":83,"column":8},"end":{"line":83,"column":15}},"23":{"start":{"line":85,"column":4},"end":{"line":184,"column":5}},"24":{"start":{"line":92,"column":8},"end":{"line":94,"column":63}},"25":{"start":{"line":95,"column":8},"end":{"line":95,"column":14}},"26":{"start":{"line":102,"column":8},"end":{"line":111,"column":10},"skip":true},"27":{"start":{"line":109,"column":12},"end":{"line":109,"column":55},"skip":true},"28":{"start":{"line":110,"column":12},"end":{"line":110,"column":48},"skip":true},"29":{"start":{"line":113,"column":8},"end":{"line":126,"column":10},"skip":true},"30":{"start":{"line":120,"column":12},"end":{"line":120,"column":76},"skip":true},"31":{"start":{"line":121,"column":12},"end":{"line":121,"column":73},"skip":true},"32":{"start":{"line":122,"column":12},"end":{"line":122,"column":74},"skip":true},"33":{"start":{"line":123,"column":12},"end":{"line":123,"column":79},"skip":true},"34":{"start":{"line":124,"column":12},"end":{"line":124,"column":25},"skip":true},"35":{"start":{"line":125,"column":12},"end":{"line":125,"column":45},"skip":true},"36":{"start":{"line":128,"column":8},"end":{"line":135,"column":14},"skip":true},"37":{"start":{"line":133,"column":16},"end":{"line":133,"column":29},"skip":true},"38":{"start":{"line":134,"column":16},"end":{"line":134,"column":55},"skip":true},"39":{"start":{"line":137,"column":8},"end":{"line":146,"column":10},"skip":true},"40":{"start":{"line":144,"column":12},"end":{"line":144,"column":25},"skip":true},"41":{"start":{"line":145,"column":12},"end":{"line":145,"column":45},"skip":true},"42":{"start":{"line":148,"column":8},"end":{"line":157,"column":10},"skip":true},"43":{"start":{"line":155,"column":12},"end":{"line":155,"column":25},"skip":true},"44":{"start":{"line":156,"column":12},"end":{"line":156,"column":48},"skip":true},"45":{"start":{"line":159,"column":8},"end":{"line":168,"column":10},"skip":true},"46":{"start":{"line":166,"column":12},"end":{"line":166,"column":25},"skip":true},"47":{"start":{"line":167,"column":12},"end":{"line":167,"column":46},"skip":true},"48":{"start":{"line":170,"column":8},"end":{"line":179,"column":10},"skip":true},"49":{"start":{"line":177,"column":12},"end":{"line":177,"column":94},"skip":true},"50":{"start":{"line":178,"column":12},"end":{"line":178,"column":48},"skip":true},"51":{"start":{"line":182,"column":8},"end":{"line":182,"column":35},"skip":true},"52":{"start":{"line":183,"column":8},"end":{"line":183,"column":14},"skip":true}},"branchMap":{"1":{"line":25,"type":"binary-expr","locations":[{"start":{"line":25,"column":23},"end":{"line":25,"column":62}},{"start":{"line":26,"column":20},"end":{"line":26,"column":70}},{"start":{"line":27,"column":20},"end":{"line":27,"column":71}},{"start":{"line":28,"column":20},"end":{"line":28,"column":29}}]},"2":{"line":30,"type":"binary-expr","locations":[{"start":{"line":30,"column":23},"end":{"line":30,"column":37}},{"start":{"line":31,"column":20},"end":{"line":31,"column":61}},{"start":{"line":32,"column":20},"end":{"line":32,"column":70}},{"start":{"line":33,"column":20},"end":{"line":33,"column":26}}]},"3":{"line":37,"type":"cond-expr","locations":[{"start":{"line":38,"column":14},"end":{"line":38,"column":20}},{"start":{"line":39,"column":14},"end":{"line":39,"column":20}}]},"4":{"line":40,"type":"switch","locations":[{"start":{"line":42,"column":8},"end":{"line":47,"column":18}},{"start":{"line":49,"column":8},"end":{"line":52,"column":18}}]},"5":{"line":44,"type":"binary-expr","locations":[{"start":{"line":44,"column":16},"end":{"line":44,"column":44}},{"start":{"line":44,"column":48},"end":{"line":44,"column":66}}]},"6":{"line":50,"type":"binary-expr","locations":[{"start":{"line":50,"column":21},"end":{"line":50,"column":49}},{"start":{"line":50,"column":53},"end":{"line":50,"column":72}}]},"7":{"line":64,"type":"switch","locations":[{"start":{"line":69,"column":4},"end":{"line":70,"column":14}},{"start":{"line":75,"column":4},"end":{"line":76,"column":14}}]},"8":{"line":85,"type":"switch","locations":[{"start":{"line":90,"column":4},"end":{"line":95,"column":14}},{"start":{"line":101,"column":4},"end":{"line":183,"column":14},"skip":true}]},"9":{"line":92,"type":"binary-expr","locations":[{"start":{"line":92,"column":18},"end":{"line":92,"column":32}},{"start":{"line":93,"column":12},"end":{"line":93,"column":53}},{"start":{"line":94,"column":12},"end":{"line":94,"column":61}}]},"10":{"line":102,"type":"binary-expr","locations":[{"start":{"line":102,"column":45},"end":{"line":102,"column":79},"skip":true},{"start":{"line":102,"column":83},"end":{"line":111,"column":9},"skip":true}]},"11":{"line":113,"type":"binary-expr","locations":[{"start":{"line":113,"column":42},"end":{"line":113,"column":73},"skip":true},{"start":{"line":113,"column":77},"end":{"line":126,"column":9},"skip":true}]},"12":{"line":128,"type":"binary-expr","locations":[{"start":{"line":128,"column":48},"end":{"line":128,"column":85},"skip":true},{"start":{"line":129,"column":12},"end":{"line":135,"column":13},"skip":true}]},"13":{"line":137,"type":"binary-expr","locations":[{"start":{"line":137,"column":42},"end":{"line":137,"column":73},"skip":true},{"start":{"line":137,"column":77},"end":{"line":146,"column":9},"skip":true}]},"14":{"line":148,"type":"binary-expr","locations":[{"start":{"line":148,"column":45},"end":{"line":148,"column":79},"skip":true},{"start":{"line":148,"column":83},"end":{"line":157,"column":9},"skip":true}]},"15":{"line":159,"type":"binary-expr","locations":[{"start":{"line":159,"column":43},"end":{"line":159,"column":75},"skip":true},{"start":{"line":159,"column":79},"end":{"line":168,"column":9},"skip":true}]},"16":{"line":170,"type":"binary-expr","locations":[{"start":{"line":170,"column":41},"end":{"line":170,"column":71},"skip":true},{"start":{"line":170,"column":75},"end":{"line":179,"column":9},"skip":true}]}},"code":["/* istanbul instrument in package npmtest_color */","/*jslint","    bitwise: true,","    browser: true,","    maxerr: 8,","    maxlen: 96,","    node: true,","    nomen: true,","    regexp: true,","    stupid: true","*/","(function () {","    'use strict';","    var local;","","","","    // run shared js-env code - pre-init","    (function () {","        // init local","        local = {};","        // init modeJs","        local.modeJs = (function () {","            try {","                return typeof navigator.userAgent === 'string' &&","                    typeof document.querySelector('body') === 'object' &&","                    typeof XMLHttpRequest.prototype.open === 'function' &&","                    'browser';","            } catch (errorCaughtBrowser) {","                return module.exports &&","                    typeof process.versions.node === 'string' &&","                    typeof require('http').createServer === 'function' &&","                    'node';","            }","        }());","        // init global","        local.global = local.modeJs === 'browser'","            ? window","            : global;","        switch (local.modeJs) {","        // re-init local from window.local","        case 'browser':","            local = local.global.utility2.objectSetDefault(","                local.global.utility2_rollup || local.global.local,","                local.global.utility2","            );","            break;","        // re-init local from example.js","        case 'node':","            local = (local.global.utility2_rollup || require('utility2'))","                .requireExampleJsFromReadme();","            break;","        }","        // export local","        local.global.local = local;","    }());","","","","    // run shared js-env code - function","    (function () {","        return;","    }());","    switch (local.modeJs) {","","","","    // run browser js-env code - function","    case 'browser':","        break;","","","","    // run node js-env code - function","    case 'node':","        break;","    }","","","","    // run shared js-env code - post-init","    (function () {","        return;","    }());","    switch (local.modeJs) {","","","","    // run browser js-env code - post-init","    case 'browser':","        // run tests","        local.nop(local.modeTest &&","            document.querySelector('#testRunButton1') &&","            document.querySelector('#testRunButton1').click());","        break;","","","","    // run node js-env code - post-init","    /* istanbul ignore next */","    case 'node':","        local.testCase_buildApidoc_default = local.testCase_buildApidoc_default || function (","            options,","            onError","        ) {","        /*","         * this function will test buildApidoc's default handling-behavior-behavior","         */","            options = { modulePathList: module.paths };","            local.buildApidoc(options, onError);","        };","","        local.testCase_buildApp_default = local.testCase_buildApp_default || function (","            options,","            onError","        ) {","        /*","         * this function will test buildApp's default handling-behavior-behavior","         */","            local.testCase_buildReadme_default(options, local.onErrorThrow);","            local.testCase_buildLib_default(options, local.onErrorThrow);","            local.testCase_buildTest_default(options, local.onErrorThrow);","            local.testCase_buildCustomOrg_default(options, local.onErrorThrow);","            options = [];","            local.buildApp(options, onError);","        };","","        local.testCase_buildCustomOrg_default = local.testCase_buildCustomOrg_default ||","            function (options, onError) {","            /*","             * this function will test buildCustomOrg's default handling-behavior","             */","                options = {};","                local.buildCustomOrg(options, onError);","            };","","        local.testCase_buildLib_default = local.testCase_buildLib_default || function (","            options,","            onError","        ) {","        /*","         * this function will test buildLib's default handling-behavior","         */","            options = {};","            local.buildLib(options, onError);","        };","","        local.testCase_buildReadme_default = local.testCase_buildReadme_default || function (","            options,","            onError","        ) {","        /*","         * this function will test buildReadme's default handling-behavior-behavior","         */","            options = {};","            local.buildReadme(options, onError);","        };","","        local.testCase_buildTest_default = local.testCase_buildTest_default || function (","            options,","            onError","        ) {","        /*","         * this function will test buildTest's default handling-behavior","         */","            options = {};","            local.buildTest(options, onError);","        };","","        local.testCase_webpage_default = local.testCase_webpage_default || function (","            options,","            onError","        ) {","        /*","         * this function will test webpage's default handling-behavior","         */","            options = { modeCoverageMerge: true, url: local.serverLocalHost + '?modeTest=1' };","            local.browserTest(options, onError);","        };","","        // run test-server","        local.testRunServer(local);","        break;","    }","}());",""],"l":{"12":2,"14":2,"19":2,"21":2,"23":2,"24":2,"25":2,"30":1,"37":2,"40":2,"43":1,"47":1,"50":1,"52":1,"55":2,"61":2,"62":2,"64":2,"70":1,"76":1,"82":2,"83":2,"85":2,"92":1,"95":1,"102":1,"109":1,"110":1,"113":1,"120":1,"121":1,"122":1,"123":1,"124":1,"125":1,"128":1,"133":2,"134":2,"137":1,"144":2,"145":2,"148":1,"155":2,"156":2,"159":1,"166":2,"167":2,"170":1,"177":1,"178":1,"182":1,"183":1}},"/home/travis/build/npmtest/node-npmtest-color/lib.npmtest_color.js":{"path":"/home/travis/build/npmtest/node-npmtest-color/lib.npmtest_color.js","s":{"1":2,"2":2,"3":2,"4":2,"5":2,"6":2,"7":2,"8":1,"9":2,"10":2,"11":2,"12":2,"13":1,"14":1,"15":1,"16":1},"b":{"1":[2,1,1,1],"2":[1,1,1,1],"3":[1,1],"4":[2,2],"5":[1,1]},"f":{"1":2,"2":2,"3":2},"fnMap":{"1":{"name":"(anonymous_1)","line":12,"loc":{"start":{"line":12,"column":1},"end":{"line":12,"column":13}}},"2":{"name":"(anonymous_2)","line":19,"loc":{"start":{"line":19,"column":5},"end":{"line":19,"column":17}}},"3":{"name":"(anonymous_3)","line":23,"loc":{"start":{"line":23,"column":24},"end":{"line":23,"column":36}}}},"statementMap":{"1":{"start":{"line":12,"column":0},"end":{"line":53,"column":5}},"2":{"start":{"line":14,"column":4},"end":{"line":14,"column":14}},"3":{"start":{"line":19,"column":4},"end":{"line":52,"column":9}},"4":{"start":{"line":21,"column":8},"end":{"line":21,"column":19}},"5":{"start":{"line":23,"column":8},"end":{"line":35,"column":13}},"6":{"start":{"line":24,"column":12},"end":{"line":34,"column":13}},"7":{"start":{"line":25,"column":16},"end":{"line":28,"column":30}},"8":{"start":{"line":30,"column":16},"end":{"line":33,"column":27}},"9":{"start":{"line":37,"column":8},"end":{"line":39,"column":21}},"10":{"start":{"line":41,"column":8},"end":{"line":41,"column":54}},"11":{"start":{"line":43,"column":8},"end":{"line":43,"column":50}},"12":{"start":{"line":45,"column":8},"end":{"line":51,"column":9}},"13":{"start":{"line":46,"column":12},"end":{"line":46,"column":56}},"14":{"start":{"line":48,"column":12},"end":{"line":48,"column":35}},"15":{"start":{"line":49,"column":12},"end":{"line":49,"column":49}},"16":{"start":{"line":50,"column":12},"end":{"line":50,"column":43}}},"branchMap":{"1":{"line":25,"type":"binary-expr","locations":[{"start":{"line":25,"column":23},"end":{"line":25,"column":62}},{"start":{"line":26,"column":20},"end":{"line":26,"column":70}},{"start":{"line":27,"column":20},"end":{"line":27,"column":71}},{"start":{"line":28,"column":20},"end":{"line":28,"column":29}}]},"2":{"line":30,"type":"binary-expr","locations":[{"start":{"line":30,"column":23},"end":{"line":30,"column":37}},{"start":{"line":31,"column":20},"end":{"line":31,"column":61}},{"start":{"line":32,"column":20},"end":{"line":32,"column":70}},{"start":{"line":33,"column":20},"end":{"line":33,"column":26}}]},"3":{"line":37,"type":"cond-expr","locations":[{"start":{"line":38,"column":14},"end":{"line":38,"column":20}},{"start":{"line":39,"column":14},"end":{"line":39,"column":20}}]},"4":{"line":41,"type":"binary-expr","locations":[{"start":{"line":41,"column":16},"end":{"line":41,"column":44}},{"start":{"line":41,"column":48},"end":{"line":41,"column":53}}]},"5":{"line":45,"type":"if","locations":[{"start":{"line":45,"column":8},"end":{"line":45,"column":8}},{"start":{"line":45,"column":8},"end":{"line":45,"column":8}}]}},"code":["/* istanbul instrument in package npmtest_color */","/*jslint","    bitwise: true,","    browser: true,","    maxerr: 8,","    maxlen: 96,","    node: true,","    nomen: true,","    regexp: true,","    stupid: true","*/","(function () {","    'use strict';","    var local;","","","","    // run shared js-env code - pre-init","    (function () {","        // init local","        local = {};","        // init modeJs","        local.modeJs = (function () {","            try {","                return typeof navigator.userAgent === 'string' &&","                    typeof document.querySelector('body') === 'object' &&","                    typeof XMLHttpRequest.prototype.open === 'function' &&","                    'browser';","            } catch (errorCaughtBrowser) {","                return module.exports &&","                    typeof process.versions.node === 'string' &&","                    typeof require('http').createServer === 'function' &&","                    'node';","            }","        }());","        // init global","        local.global = local.modeJs === 'browser'","            ? window","            : global;","        // init utility2_rollup","        local = local.global.utility2_rollup || local;","        // init lib","        local.local = local.npmtest_color = local;","        // init exports","        if (local.modeJs === 'browser') {","            local.global.utility2_npmtest_color = local;","        } else {","            module.exports = local;","            module.exports.__dirname = __dirname;","            module.exports.module = module;","        }","    }());","}());",""],"l":{"12":2,"14":2,"19":2,"21":2,"23":2,"24":2,"25":2,"30":1,"37":2,"41":2,"43":2,"45":2,"46":1,"48":1,"49":1,"50":1}},"/home/travis/build/npmtest/node-npmtest-color/example.js":{"path":"/home/travis/build/npmtest/node-npmtest-color/example.js","s":{"1":2,"2":2,"3":2,"4":2,"5":2,"6":2,"7":2,"8":1,"9":2,"10":2,"11":2,"12":2,"13":1,"14":2,"15":2,"16":2,"17":2,"18":2,"19":0,"20":2,"21":1,"22":1,"23":1,"24":1,"25":1,"26":0,"27":0,"28":1,"29":1,"30":2,"31":0,"32":0,"33":0,"34":1,"35":2,"36":2,"37":2,"38":2,"39":2,"40":2,"41":0,"42":2,"43":2,"44":2,"45":1,"46":3,"47":1,"48":1,"49":1,"50":1,"51":1,"52":1,"53":1,"54":1,"55":1,"56":1,"57":0,"58":1,"59":6,"60":6,"61":1,"62":2,"63":0,"64":2,"65":1,"66":1,"67":0,"68":0,"69":0,"70":0,"71":0,"72":0,"73":0,"74":0,"75":0,"76":0,"77":0,"78":0,"79":0,"80":0,"81":0,"82":0,"83":0},"b":{"1":[2,1,1,1],"2":[1,1,1,1],"3":[1,1],"4":[2,2],"5":[1,1],"6":[1,1],"7":[2,0],"8":[2,1,1,1,1,1],"9":[0,2,0],"10":[1,1],"11":[2,1,1],"12":[1,0],"13":[0,2],"14":[2,0,0,0,0,0,0],"15":[0,2],"16":[2,0],"17":[1,1],"18":[0,1],"19":[1,2,0,2],"20":[1,0],"21":[1,1],"22":[0,0],"23":[0,0],"24":[0,0],"25":[0,0],"26":[0,0],"27":[0,0],"28":[0,0]},"f":{"1":2,"2":2,"3":2,"4":2,"5":2,"6":2,"7":2,"8":2,"9":3,"10":1,"11":6,"12":0},"fnMap":{"1":{"name":"(anonymous_1)","line":26,"loc":{"start":{"line":26,"column":1},"end":{"line":26,"column":13}}},"2":{"name":"(anonymous_2)","line":33,"loc":{"start":{"line":33,"column":5},"end":{"line":33,"column":17}}},"3":{"name":"(anonymous_3)","line":37,"loc":{"start":{"line":37,"column":24},"end":{"line":37,"column":36}}},"4":{"name":"(anonymous_4)","line":69,"loc":{"start":{"line":69,"column":31},"end":{"line":69,"column":48}},"skip":true},"5":{"name":"(anonymous_5)","line":78,"loc":{"start":{"line":78,"column":26},"end":{"line":78,"column":45}},"skip":true},"6":{"name":"(anonymous_6)","line":123,"loc":{"start":{"line":123,"column":33},"end":{"line":123,"column":48}},"skip":true},"7":{"name":"(anonymous_7)","line":125,"loc":{"start":{"line":125,"column":27},"end":{"line":125,"column":39}},"skip":true},"8":{"name":"(anonymous_8)","line":133,"loc":{"start":{"line":133,"column":59},"end":{"line":133,"column":74}},"skip":true},"9":{"name":"(anonymous_9)","line":143,"loc":{"start":{"line":143,"column":45},"end":{"line":143,"column":62}},"skip":true},"10":{"name":"(anonymous_10)","line":144,"loc":{"start":{"line":144,"column":73},"end":{"line":144,"column":92}},"skip":true},"11":{"name":"(anonymous_11)","line":272,"loc":{"start":{"line":272,"column":51},"end":{"line":272,"column":77}},"skip":true},"12":{"name":"(anonymous_12)","line":314,"loc":{"start":{"line":314,"column":32},"end":{"line":314,"column":61}},"skip":true}},"statementMap":{"1":{"start":{"line":26,"column":0},"end":{"line":325,"column":5}},"2":{"start":{"line":28,"column":4},"end":{"line":28,"column":14}},"3":{"start":{"line":33,"column":4},"end":{"line":60,"column":9}},"4":{"start":{"line":35,"column":8},"end":{"line":35,"column":19}},"5":{"start":{"line":37,"column":8},"end":{"line":49,"column":13}},"6":{"start":{"line":38,"column":12},"end":{"line":48,"column":13}},"7":{"start":{"line":39,"column":16},"end":{"line":42,"column":30}},"8":{"start":{"line":44,"column":16},"end":{"line":47,"column":27}},"9":{"start":{"line":51,"column":8},"end":{"line":53,"column":21}},"10":{"start":{"line":55,"column":8},"end":{"line":57,"column":45}},"11":{"start":{"line":59,"column":8},"end":{"line":59,"column":35}},"12":{"start":{"line":61,"column":4},"end":{"line":324,"column":5}},"13":{"start":{"line":69,"column":8},"end":{"line":121,"column":10},"skip":true},"14":{"start":{"line":70,"column":12},"end":{"line":88,"column":13},"skip":true},"15":{"start":{"line":76,"column":16},"end":{"line":87,"column":19},"skip":true},"16":{"start":{"line":79,"column":20},"end":{"line":86,"column":21},"skip":true},"17":{"start":{"line":82,"column":24},"end":{"line":82,"column":43},"skip":true},"18":{"start":{"line":83,"column":24},"end":{"line":83,"column":30},"skip":true},"19":{"start":{"line":85,"column":24},"end":{"line":85,"column":49},"skip":true},"20":{"start":{"line":89,"column":12},"end":{"line":107,"column":13},"skip":true},"21":{"start":{"line":92,"column":16},"end":{"line":102,"column":17},"skip":true},"22":{"start":{"line":93,"column":20},"end":{"line":93,"column":86},"skip":true},"23":{"start":{"line":94,"column":20},"end":{"line":95,"column":45},"skip":true},"24":{"start":{"line":96,"column":20},"end":{"line":96,"column":42},"skip":true},"25":{"start":{"line":97,"column":20},"end":{"line":97,"column":48},"skip":true},"26":{"start":{"line":100,"column":20},"end":{"line":100,"column":85},"skip":true},"27":{"start":{"line":101,"column":20},"end":{"line":101,"column":96},"skip":true},"28":{"start":{"line":103,"column":16},"end":{"line":103,"column":22},"skip":true},"29":{"start":{"line":106,"column":16},"end":{"line":106,"column":22},"skip":true},"30":{"start":{"line":108,"column":12},"end":{"line":120,"column":13},"skip":true},"31":{"start":{"line":114,"column":16},"end":{"line":119,"column":17},"skip":true},"32":{"start":{"line":116,"column":20},"end":{"line":116,"column":78},"skip":true},"33":{"start":{"line":118,"column":20},"end":{"line":118,"column":53},"skip":true},"34":{"start":{"line":123,"column":8},"end":{"line":141,"column":11},"skip":true},"35":{"start":{"line":124,"column":12},"end":{"line":124,"column":54},"skip":true},"36":{"start":{"line":125,"column":12},"end":{"line":140,"column":14},"skip":true},"37":{"start":{"line":126,"column":16},"end":{"line":126,"column":28},"skip":true},"38":{"start":{"line":127,"column":16},"end":{"line":127,"column":69},"skip":true},"39":{"start":{"line":128,"column":16},"end":{"line":128,"column":75},"skip":true},"40":{"start":{"line":129,"column":16},"end":{"line":131,"column":17},"skip":true},"41":{"start":{"line":130,"column":20},"end":{"line":130,"column":27},"skip":true},"42":{"start":{"line":133,"column":16},"end":{"line":137,"column":36},"skip":true},"43":{"start":{"line":134,"column":20},"end":{"line":136,"column":55},"skip":true},"44":{"start":{"line":139,"column":16},"end":{"line":139,"column":57},"skip":true},"45":{"start":{"line":143,"column":8},"end":{"line":147,"column":11},"skip":true},"46":{"start":{"line":144,"column":12},"end":{"line":146,"column":15},"skip":true},"47":{"start":{"line":145,"column":16},"end":{"line":145,"column":70},"skip":true},"48":{"start":{"line":149,"column":8},"end":{"line":149,"column":31},"skip":true},"49":{"start":{"line":150,"column":8},"end":{"line":150,"column":14},"skip":true},"50":{"start":{"line":158,"column":8},"end":{"line":158,"column":31},"skip":true},"51":{"start":{"line":160,"column":8},"end":{"line":160,"column":33},"skip":true},"52":{"start":{"line":161,"column":8},"end":{"line":161,"column":37},"skip":true},"53":{"start":{"line":162,"column":8},"end":{"line":162,"column":35},"skip":true},"54":{"start":{"line":164,"column":8},"end":{"line":164,"column":50},"skip":true},"55":{"start":{"line":166,"column":8},"end":{"line":256,"column":2},"skip":true},"56":{"start":{"line":258,"column":8},"end":{"line":286,"column":9},"skip":true},"57":{"start":{"line":259,"column":12},"end":{"line":269,"column":14},"skip":true},"58":{"start":{"line":271,"column":12},"end":{"line":285,"column":19},"skip":true},"59":{"start":{"line":274,"column":20},"end":{"line":274,"column":35},"skip":true},"60":{"start":{"line":275,"column":20},"end":{"line":284,"column":21},"skip":true},"61":{"start":{"line":277,"column":24},"end":{"line":277,"column":64},"skip":true},"62":{"start":{"line":279,"column":24},"end":{"line":279,"column":40},"skip":true},"63":{"start":{"line":281,"column":24},"end":{"line":281,"column":40},"skip":true},"64":{"start":{"line":283,"column":24},"end":{"line":283,"column":39},"skip":true},"65":{"start":{"line":288,"column":8},"end":{"line":290,"column":9},"skip":true},"66":{"start":{"line":289,"column":12},"end":{"line":289,"column":18},"skip":true},"67":{"start":{"line":291,"column":8},"end":{"line":293,"column":54},"skip":true},"68":{"start":{"line":294,"column":8},"end":{"line":301,"column":37},"skip":true},"69":{"start":{"line":302,"column":8},"end":{"line":302,"column":82},"skip":true},"70":{"start":{"line":305,"column":8},"end":{"line":307,"column":9},"skip":true},"71":{"start":{"line":306,"column":12},"end":{"line":306,"column":82},"skip":true},"72":{"start":{"line":309,"column":8},"end":{"line":311,"column":9},"skip":true},"73":{"start":{"line":310,"column":12},"end":{"line":310,"column":18},"skip":true},"74":{"start":{"line":312,"column":8},"end":{"line":312,"column":54},"skip":true},"75":{"start":{"line":313,"column":8},"end":{"line":313,"column":69},"skip":true},"76":{"start":{"line":314,"column":8},"end":{"line":322,"column":36},"skip":true},"77":{"start":{"line":315,"column":12},"end":{"line":315,"column":61},"skip":true},"78":{"start":{"line":316,"column":12},"end":{"line":319,"column":13},"skip":true},"79":{"start":{"line":317,"column":16},"end":{"line":317,"column":75},"skip":true},"80":{"start":{"line":318,"column":16},"end":{"line":318,"column":23},"skip":true},"81":{"start":{"line":320,"column":12},"end":{"line":320,"column":38},"skip":true},"82":{"start":{"line":321,"column":12},"end":{"line":321,"column":27},"skip":true},"83":{"start":{"line":323,"column":8},"end":{"line":323,"column":14},"skip":true}},"branchMap":{"1":{"line":39,"type":"binary-expr","locations":[{"start":{"line":39,"column":23},"end":{"line":39,"column":62}},{"start":{"line":40,"column":20},"end":{"line":40,"column":70}},{"start":{"line":41,"column":20},"end":{"line":41,"column":71}},{"start":{"line":42,"column":20},"end":{"line":42,"column":29}}]},"2":{"line":44,"type":"binary-expr","locations":[{"start":{"line":44,"column":23},"end":{"line":44,"column":37}},{"start":{"line":45,"column":20},"end":{"line":45,"column":61}},{"start":{"line":46,"column":20},"end":{"line":46,"column":70}},{"start":{"line":47,"column":20},"end":{"line":47,"column":26}}]},"3":{"line":51,"type":"cond-expr","locations":[{"start":{"line":52,"column":14},"end":{"line":52,"column":20}},{"start":{"line":53,"column":14},"end":{"line":53,"column":20}}]},"4":{"line":55,"type":"binary-expr","locations":[{"start":{"line":55,"column":16},"end":{"line":55,"column":44}},{"start":{"line":55,"column":49},"end":{"line":57,"column":43}}]},"5":{"line":55,"type":"cond-expr","locations":[{"start":{"line":56,"column":14},"end":{"line":56,"column":49}},{"start":{"line":57,"column":14},"end":{"line":57,"column":43}}]},"6":{"line":61,"type":"switch","locations":[{"start":{"line":68,"column":4},"end":{"line":150,"column":14},"skip":true},{"start":{"line":156,"column":4},"end":{"line":323,"column":14},"skip":true}]},"7":{"line":70,"type":"if","locations":[{"start":{"line":70,"column":12},"end":{"line":70,"column":12},"skip":true},{"start":{"line":70,"column":12},"end":{"line":70,"column":12},"skip":true}]},"8":{"line":70,"type":"binary-expr","locations":[{"start":{"line":70,"column":16},"end":{"line":70,"column":22},"skip":true},{"start":{"line":70,"column":27},"end":{"line":70,"column":32},"skip":true},{"start":{"line":71,"column":20},"end":{"line":71,"column":39},"skip":true},{"start":{"line":72,"column":20},"end":{"line":72,"column":49},"skip":true},{"start":{"line":73,"column":20},"end":{"line":73,"column":58},"skip":true},{"start":{"line":74,"column":20},"end":{"line":74,"column":69},"skip":true}]},"9":{"line":79,"type":"switch","locations":[{"start":{"line":80,"column":20},"end":{"line":80,"column":33},"skip":true},{"start":{"line":81,"column":20},"end":{"line":83,"column":30},"skip":true},{"start":{"line":84,"column":20},"end":{"line":85,"column":49},"skip":true}]},"10":{"line":89,"type":"switch","locations":[{"start":{"line":90,"column":12},"end":{"line":103,"column":22},"skip":true},{"start":{"line":105,"column":12},"end":{"line":106,"column":22},"skip":true}]},"11":{"line":89,"type":"binary-expr","locations":[{"start":{"line":89,"column":20},"end":{"line":89,"column":25},"skip":true},{"start":{"line":89,"column":29},"end":{"line":89,"column":48},"skip":true},{"start":{"line":89,"column":52},"end":{"line":89,"column":74},"skip":true}]},"12":{"line":92,"type":"if","locations":[{"start":{"line":92,"column":16},"end":{"line":92,"column":16},"skip":true},{"start":{"line":92,"column":16},"end":{"line":92,"column":16},"skip":true}]},"13":{"line":108,"type":"if","locations":[{"start":{"line":108,"column":12},"end":{"line":108,"column":12},"skip":true},{"start":{"line":108,"column":12},"end":{"line":108,"column":12},"skip":true}]},"14":{"line":108,"type":"binary-expr","locations":[{"start":{"line":108,"column":16},"end":{"line":108,"column":61},"skip":true},{"start":{"line":108,"column":66},"end":{"line":108,"column":72},"skip":true},{"start":{"line":108,"column":77},"end":{"line":108,"column":82},"skip":true},{"start":{"line":109,"column":20},"end":{"line":109,"column":39},"skip":true},{"start":{"line":110,"column":20},"end":{"line":110,"column":49},"skip":true},{"start":{"line":111,"column":20},"end":{"line":111,"column":58},"skip":true},{"start":{"line":112,"column":20},"end":{"line":112,"column":68},"skip":true}]},"15":{"line":129,"type":"if","locations":[{"start":{"line":129,"column":16},"end":{"line":129,"column":16},"skip":true},{"start":{"line":129,"column":16},"end":{"line":129,"column":16},"skip":true}]},"16":{"line":134,"type":"cond-expr","locations":[{"start":{"line":135,"column":26},"end":{"line":135,"column":29},"skip":true},{"start":{"line":136,"column":26},"end":{"line":136,"column":54},"skip":true}]},"17":{"line":164,"type":"binary-expr","locations":[{"start":{"line":164,"column":27},"end":{"line":164,"column":43},"skip":true},{"start":{"line":164,"column":47},"end":{"line":164,"column":49},"skip":true}]},"18":{"line":258,"type":"if","locations":[{"start":{"line":258,"column":8},"end":{"line":258,"column":8},"skip":true},{"start":{"line":258,"column":8},"end":{"line":258,"column":8},"skip":true}]},"19":{"line":275,"type":"switch","locations":[{"start":{"line":276,"column":20},"end":{"line":277,"column":64},"skip":true},{"start":{"line":278,"column":20},"end":{"line":279,"column":40},"skip":true},{"start":{"line":280,"column":20},"end":{"line":281,"column":40},"skip":true},{"start":{"line":282,"column":20},"end":{"line":283,"column":39},"skip":true}]},"20":{"line":288,"type":"if","locations":[{"start":{"line":288,"column":8},"end":{"line":288,"column":8},"skip":true},{"start":{"line":288,"column":8},"end":{"line":288,"column":8},"skip":true}]},"21":{"line":288,"type":"binary-expr","locations":[{"start":{"line":288,"column":12},"end":{"line":288,"column":40},"skip":true},{"start":{"line":288,"column":44},"end":{"line":288,"column":67},"skip":true}]},"22":{"line":292,"type":"binary-expr","locations":[{"start":{"line":292,"column":12},"end":{"line":292,"column":50},"skip":true},{"start":{"line":293,"column":12},"end":{"line":293,"column":53},"skip":true}]},"23":{"line":295,"type":"binary-expr","locations":[{"start":{"line":295,"column":12},"end":{"line":295,"column":63},"skip":true},{"start":{"line":296,"column":12},"end":{"line":301,"column":36},"skip":true}]},"24":{"line":302,"type":"binary-expr","locations":[{"start":{"line":302,"column":43},"end":{"line":302,"column":75},"skip":true},{"start":{"line":302,"column":79},"end":{"line":302,"column":81},"skip":true}]},"25":{"line":305,"type":"if","locations":[{"start":{"line":305,"column":8},"end":{"line":305,"column":8},"skip":true},{"start":{"line":305,"column":8},"end":{"line":305,"column":8},"skip":true}]},"26":{"line":309,"type":"if","locations":[{"start":{"line":309,"column":8},"end":{"line":309,"column":8},"skip":true},{"start":{"line":309,"column":8},"end":{"line":309,"column":8},"skip":true}]},"27":{"line":312,"type":"binary-expr","locations":[{"start":{"line":312,"column":27},"end":{"line":312,"column":43},"skip":true},{"start":{"line":312,"column":47},"end":{"line":312,"column":53},"skip":true}]},"28":{"line":316,"type":"if","locations":[{"start":{"line":316,"column":12},"end":{"line":316,"column":12},"skip":true},{"start":{"line":316,"column":12},"end":{"line":316,"column":12},"skip":true}]}},"code":["/*","example.js","","quickstart example","","instruction","    1. save this script as example.js","    2. run the shell command:","        $ npm install npmtest-color && PORT=8081 node example.js","    3. play with the browser-demo on http://127.0.0.1:8081","*/","","","","/* istanbul instrument in package npmtest_color */","/*jslint","    bitwise: true,","    browser: true,","    maxerr: 8,","    maxlen: 96,","    node: true,","    nomen: true,","    regexp: true,","    stupid: true","*/","(function () {","    'use strict';","    var local;","","","","    // run shared js-env code - pre-init","    (function () {","        // init local","        local = {};","        // init modeJs","        local.modeJs = (function () {","            try {","                return typeof navigator.userAgent === 'string' &&","                    typeof document.querySelector('body') === 'object' &&","                    typeof XMLHttpRequest.prototype.open === 'function' &&","                    'browser';","            } catch (errorCaughtBrowser) {","                return module.exports &&","                    typeof process.versions.node === 'string' &&","                    typeof require('http').createServer === 'function' &&","                    'node';","            }","        }());","        // init global","        local.global = local.modeJs === 'browser'","            ? window","            : global;","        // init utility2_rollup","        local = local.global.utility2_rollup || (local.modeJs === 'browser'","            ? local.global.utility2_npmtest_color","            : global.utility2_moduleExports);","        // export local","        local.global.local = local;","    }());","    switch (local.modeJs) {","","","","    // post-init","    // run browser js-env code - post-init","    /* istanbul ignore next */","    case 'browser':","        local.testRunBrowser = function (event) {","            if (!event || (event &&","                    event.currentTarget &&","                    event.currentTarget.className &&","                    event.currentTarget.className.includes &&","                    event.currentTarget.className.includes('onreset'))) {","                // reset output","                Array.from(","                    document.querySelectorAll('body > .resettable')","                ).forEach(function (element) {","                    switch (element.tagName) {","                    case 'INPUT':","                    case 'TEXTAREA':","                        element.value = '';","                        break;","                    default:","                        element.textContent = '';","                    }","                });","            }","            switch (event && event.currentTarget && event.currentTarget.id) {","            case 'testRunButton1':","                // show tests","                if (document.querySelector('#testReportDiv1').style.display === 'none') {","                    document.querySelector('#testReportDiv1').style.display = 'block';","                    document.querySelector('#testRunButton1').textContent =","                        'hide internal test';","                    local.modeTest = true;","                    local.testRunDefault(local);","                // hide tests","                } else {","                    document.querySelector('#testReportDiv1').style.display = 'none';","                    document.querySelector('#testRunButton1').textContent = 'run internal test';","                }","                break;","            // custom-case","            default:","                break;","            }","            if (document.querySelector('#inputTextareaEval1') && (!event || (event &&","                    event.currentTarget &&","                    event.currentTarget.className &&","                    event.currentTarget.className.includes &&","                    event.currentTarget.className.includes('oneval')))) {","                // try to eval input-code","                try {","                    /*jslint evil: true*/","                    eval(document.querySelector('#inputTextareaEval1').value);","                } catch (errorCaught) {","                    console.error(errorCaught.stack);","                }","            }","        };","        // log stderr and stdout to #outputTextareaStdout1","        ['error', 'log'].forEach(function (key) {","            console[key + '_original'] = console[key];","            console[key] = function () {","                var element;","                console[key + '_original'].apply(console, arguments);","                element = document.querySelector('#outputTextareaStdout1');","                if (!element) {","                    return;","                }","                // append text to #outputTextareaStdout1","                element.value += Array.from(arguments).map(function (arg) {","                    return typeof arg === 'string'","                        ? arg","                        : JSON.stringify(arg, null, 4);","                }).join(' ') + '\\n';","                // scroll textarea to bottom","                element.scrollTop = element.scrollHeight;","            };","        });","        // init event-handling","        ['change', 'click', 'keyup'].forEach(function (event) {","            Array.from(document.querySelectorAll('.on' + event)).forEach(function (element) {","                element.addEventListener(event, local.testRunBrowser);","            });","        });","        // run tests","        local.testRunBrowser();","        break;","","","","    // run node js-env code - post-init","    /* istanbul ignore next */","    case 'node':","        // export local","        module.exports = local;","        // require modules","        local.fs = require('fs');","        local.http = require('http');","        local.url = require('url');","        // init assets","        local.assetsDict = local.assetsDict || {};","        /* jslint-ignore-begin */","        local.assetsDict['/assets.index.template.html'] = '\\","<!doctype html>\\n\\","<html lang=\"en\">\\n\\","<head>\\n\\","<meta charset=\"UTF-8\">\\n\\","<meta name=\"viewport\" content=\"width=device-width, initial-scale=1\">\\n\\","<title>{{env.npm_package_name}} (v{{env.npm_package_version}})</title>\\n\\","<style>\\n\\","/*csslint\\n\\","    box-sizing: false,\\n\\","    universal-selector: false\\n\\","*/\\n\\","* {\\n\\","    box-sizing: border-box;\\n\\","}\\n\\","body {\\n\\","    background: #dde;\\n\\","    font-family: Arial, Helvetica, sans-serif;\\n\\","    margin: 2rem;\\n\\","}\\n\\","body > * {\\n\\","    margin-bottom: 1rem;\\n\\","}\\n\\",".utility2FooterDiv {\\n\\","    margin-top: 20px;\\n\\","    text-align: center;\\n\\","}\\n\\","</style>\\n\\","<style>\\n\\","/*csslint\\n\\","*/\\n\\","textarea {\\n\\","    font-family: monospace;\\n\\","    height: 10rem;\\n\\","    width: 100%;\\n\\","}\\n\\","textarea[readonly] {\\n\\","    background: #ddd;\\n\\","}\\n\\","</style>\\n\\","</head>\\n\\","<body>\\n\\","<!-- utility2-comment\\n\\","<div id=\"ajaxProgressDiv1\" style=\"background: #d00; height: 2px; left: 0; margin: 0; padding: 0; position: fixed; top: 0; transition: background 0.5s, width 1.5s; width: 25%;\"></div>\\n\\","utility2-comment -->\\n\\","<h1>\\n\\","<!-- utility2-comment\\n\\","    <a\\n\\","        {{#if env.npm_package_homepage}}\\n\\","        href=\"{{env.npm_package_homepage}}\"\\n\\","        {{/if env.npm_package_homepage}}\\n\\","        target=\"_blank\"\\n\\","    >\\n\\","utility2-comment -->\\n\\","        {{env.npm_package_name}} (v{{env.npm_package_version}})\\n\\","<!-- utility2-comment\\n\\","    </a>\\n\\","utility2-comment -->\\n\\","</h1>\\n\\","<h3>{{env.npm_package_description}}</h3>\\n\\","<!-- utility2-comment\\n\\","<h4><a download href=\"assets.app.js\">download standalone app</a></h4>\\n\\","<button class=\"onclick onreset\" id=\"testRunButton1\">run internal test</button><br>\\n\\","<div id=\"testReportDiv1\" style=\"display: none;\"></div>\\n\\","utility2-comment -->\\n\\","\\n\\","\\n\\","\\n\\","<label>stderr and stdout</label>\\n\\","<textarea class=\"resettable\" id=\"outputTextareaStdout1\" readonly></textarea>\\n\\","<!-- utility2-comment\\n\\","{{#if isRollup}}\\n\\","<script src=\"assets.app.js\"></script>\\n\\","{{#unless isRollup}}\\n\\","utility2-comment -->\\n\\","<script src=\"assets.utility2.rollup.js\"></script>\\n\\","<script src=\"jsonp.utility2._stateInit?callback=window.utility2._stateInit\"></script>\\n\\","<script src=\"assets.npmtest_color.rollup.js\"></script>\\n\\","<script src=\"assets.example.js\"></script>\\n\\","<script src=\"assets.test.js\"></script>\\n\\","<!-- utility2-comment\\n\\","{{/if isRollup}}\\n\\","utility2-comment -->\\n\\","<div class=\"utility2FooterDiv\">\\n\\","    [ this app was created with\\n\\","    <a href=\"https://github.com/kaizhu256/node-utility2\" target=\"_blank\">utility2</a>\\n\\","    ]\\n\\","</div>\\n\\","</body>\\n\\","</html>\\n\\","';","        /* jslint-ignore-end */","        if (local.templateRender) {","            local.assetsDict['/'] = local.templateRender(","                local.assetsDict['/assets.index.template.html'],","                {","                    env: local.objectSetDefault(local.env, {","                        npm_package_description: 'the greatest app in the world!',","                        npm_package_name: 'my-app',","                        npm_package_nameAlias: 'my_app',","                        npm_package_version: '0.0.1'","                    })","                }","            );","        } else {","            local.assetsDict['/'] = local.assetsDict['/assets.index.template.html']","                .replace((/\\{\\{env\\.(\\w+?)\\}\\}/g), function (match0, match1) {","                    // jslint-hack","                    String(match0);","                    switch (match1) {","                    case 'npm_package_description':","                        return 'the greatest app in the world!';","                    case 'npm_package_name':","                        return 'my-app';","                    case 'npm_package_nameAlias':","                        return 'my_app';","                    case 'npm_package_version':","                        return '0.0.1';","                    }","                });","        }","        // run the cli","        if (local.global.utility2_rollup || module !== require.main) {","            break;","        }","        local.assetsDict['/assets.example.js'] =","            local.assetsDict['/assets.example.js'] ||","            local.fs.readFileSync(__filename, 'utf8');","        local.assetsDict['/assets.npmtest_color.rollup.js'] =","            local.assetsDict['/assets.npmtest_color.rollup.js'] ||","            local.fs.readFileSync(","                // buildCustomOrg-hack","                local.npmtest_color.__dirname +","                    '/lib.npmtest_color.js',","                'utf8'","            ).replace((/^#!/), '//');","        local.assetsDict['/favicon.ico'] = local.assetsDict['/favicon.ico'] || '';","        // if $npm_config_timeout_exit exists,","        // then exit this process after $npm_config_timeout_exit ms","        if (Number(process.env.npm_config_timeout_exit)) {","            setTimeout(process.exit, Number(process.env.npm_config_timeout_exit));","        }","        // start server","        if (local.global.utility2_serverHttp1) {","            break;","        }","        process.env.PORT = process.env.PORT || '8081';","        console.error('server starting on port ' + process.env.PORT);","        local.http.createServer(function (request, response) {","            request.urlParsed = local.url.parse(request.url);","            if (local.assetsDict[request.urlParsed.pathname] !== undefined) {","                response.end(local.assetsDict[request.urlParsed.pathname]);","                return;","            }","            response.statusCode = 404;","            response.end();","        }).listen(process.env.PORT);","        break;","    }","}());",""],"l":{"26":2,"28":2,"33":2,"35":2,"37":2,"38":2,"39":2,"44":1,"51":2,"55":2,"59":2,"61":2,"69":1,"70":2,"76":2,"79":2,"82":2,"83":2,"85":1,"89":2,"92":1,"93":1,"94":1,"96":1,"97":1,"100":1,"101":1,"103":1,"106":1,"108":2,"114":1,"116":1,"118":1,"123":1,"124":2,"125":2,"126":2,"127":2,"128":2,"129":2,"130":1,"133":2,"134":2,"139":2,"143":1,"144":3,"145":1,"149":1,"150":1,"158":1,"160":1,"161":1,"162":1,"164":1,"166":1,"258":1,"259":1,"271":1,"274":6,"275":6,"277":1,"279":2,"281":1,"283":2,"288":1,"289":1,"291":1,"294":1,"302":1,"305":1,"306":1,"309":1,"310":1,"312":1,"313":1,"314":1,"315":1,"316":1,"317":1,"318":1,"320":1,"321":1,"323":1}},"/home/travis/build/npmtest/node-npmtest-color/color/index.js":{"path":"/home/travis/build/npmtest/node-npmtest-color/color/index.js","s":{"1":1,"2":1,"3":1,"4":1,"5":1,"6":1,"7":15,"8":1,"9":1,"10":0,"11":0,"12":0,"13":0,"14":0,"15":0,"16":0,"17":0,"18":0,"19":0,"20":0,"21":0,"22":0,"23":0,"24":0,"25":0,"26":0,"27":0,"28":0,"29":0,"30":0,"31":0,"32":0,"33":0,"34":0,"35":0,"36":0,"37":0,"38":0,"39":0,"40":0,"41":0,"42":0,"43":0,"44":0,"45":0,"46":0,"47":0,"48":0,"49":0,"50":0,"51":0,"52":0,"53":0,"54":0,"55":0,"56":0,"57":0,"58":0,"59":0,"60":0,"61":0,"62":0,"63":0,"64":0,"65":0,"66":0,"67":0,"68":1,"69":0,"70":0,"71":0,"72":0,"73":0,"74":0,"75":0,"76":0,"77":0,"78":0,"79":0,"80":0,"81":0,"82":0,"83":0,"84":0,"85":0,"86":0,"87":0,"88":0,"89":0,"90":0,"91":0,"92":0,"93":0,"94":0,"95":0,"96":0,"97":0,"98":0,"99":0,"100":0,"101":0,"102":0,"103":0,"104":0,"105":0,"106":0,"107":0,"108":0,"109":0,"110":0,"111":0,"112":0,"113":0,"114":0,"115":0,"116":0,"117":0,"118":0,"119":0,"120":0,"121":0,"122":0,"123":0,"124":0,"125":0,"126":0,"127":0,"128":0,"129":0,"130":0,"131":0,"132":0,"133":0,"134":0,"135":0,"136":0,"137":0,"138":0,"139":0,"140":0,"141":0,"142":0,"143":0,"144":0,"145":0,"146":0,"147":0,"148":0,"149":0,"150":0,"151":0,"152":0,"153":0,"154":0,"155":0,"156":0,"157":0,"158":0,"159":0,"160":0,"161":0,"162":0,"163":0,"164":0,"165":0,"166":0,"167":0,"168":0,"169":0,"170":0,"171":0,"172":0,"173":0,"174":0,"175":1,"176":15,"177":3,"178":12,"179":12,"180":0,"181":0,"182":0,"183":0,"184":0,"185":0,"186":12,"187":0,"188":0,"189":0,"190":1,"191":0,"192":1,"193":0,"194":0,"195":1,"196":22,"197":22,"198":26,"199":22,"200":22,"201":0,"202":0,"203":0,"204":0,"205":0,"206":0,"207":0,"208":0,"209":0,"210":0,"211":0,"212":1,"213":19,"214":0,"215":1,"216":0,"217":1,"218":0,"219":0,"220":0,"221":0,"222":1},"b":{"1":[0,0],"2":[0,0],"3":[0,0],"4":[0,0],"5":[0,0],"6":[0,0],"7":[0,0],"8":[0,0],"9":[0,0],"10":[0,0],"11":[0,0],"12":[0,0],"13":[0,0],"14":[0,0],"15":[0,0],"16":[0,0],"17":[0,0],"18":[0,0],"19":[0,0],"20":[0,0],"21":[0,0],"22":[0,0],"23":[0,0],"24":[0,0],"25":[0,0],"26":[0,0],"27":[0,0],"28":[0,0],"29":[0,0],"30":[0,0],"31":[0,0],"32":[0,0],"33":[0,0],"34":[0,0],"35":[0,0],"36":[0,0],"37":[0,0],"38":[0,0],"39":[0,0],"40":[0,0],"41":[3,12],"42":[0,0],"43":[0,0],"44":[0,0],"45":[0,0],"46":[1,21],"47":[26,8],"48":[0,0],"49":[0,0],"50":[0,0],"51":[0,0],"52":[0,0]},"f":{"1":15,"2":0,"3":0,"4":0,"5":0,"6":0,"7":0,"8":0,"9":0,"10":0,"11":0,"12":0,"13":0,"14":0,"15":0,"16":0,"17":0,"18":0,"19":0,"20":0,"21":0,"22":0,"23":0,"24":0,"25":0,"26":0,"27":0,"28":0,"29":0,"30":0,"31":0,"32":0,"33":0,"34":15,"35":0,"36":0,"37":0,"38":0,"39":0,"40":22,"41":26,"42":0,"43":19,"44":0,"45":0,"46":0},"fnMap":{"1":{"name":"(anonymous_1)","line":20,"loc":{"start":{"line":20,"column":29},"end":{"line":20,"column":46}}},"2":{"name":"Color","line":26,"loc":{"start":{"line":26,"column":0},"end":{"line":26,"column":27}}},"3":{"name":"(anonymous_3)","line":120,"loc":{"start":{"line":120,"column":11},"end":{"line":120,"column":23}}},"4":{"name":"(anonymous_4)","line":124,"loc":{"start":{"line":124,"column":9},"end":{"line":124,"column":21}}},"5":{"name":"(anonymous_5)","line":128,"loc":{"start":{"line":128,"column":9},"end":{"line":128,"column":27}}},"6":{"name":"(anonymous_6)","line":135,"loc":{"start":{"line":135,"column":16},"end":{"line":135,"column":34}}},"7":{"name":"(anonymous_7)","line":141,"loc":{"start":{"line":141,"column":8},"end":{"line":141,"column":20}}},"8":{"name":"(anonymous_8)","line":145,"loc":{"start":{"line":145,"column":9},"end":{"line":145,"column":21}}},"9":{"name":"(anonymous_9)","line":161,"loc":{"start":{"line":161,"column":12},"end":{"line":161,"column":24}}},"10":{"name":"(anonymous_10)","line":174,"loc":{"start":{"line":174,"column":13},"end":{"line":174,"column":25}}},"11":{"name":"(anonymous_11)","line":187,"loc":{"start":{"line":187,"column":8},"end":{"line":187,"column":26}}},"12":{"name":"(anonymous_12)","line":192,"loc":{"start":{"line":192,"column":8},"end":{"line":192,"column":23}}},"13":{"name":"(anonymous_13)","line":205,"loc":{"start":{"line":205,"column":53},"end":{"line":205,"column":68}}},"14":{"name":"(anonymous_14)","line":232,"loc":{"start":{"line":232,"column":10},"end":{"line":232,"column":25}}},"15":{"name":"(anonymous_15)","line":240,"loc":{"start":{"line":240,"column":6},"end":{"line":240,"column":21}}},"16":{"name":"(anonymous_16)","line":248,"loc":{"start":{"line":248,"column":12},"end":{"line":248,"column":24}}},"17":{"name":"(anonymous_17)","line":253,"loc":{"start":{"line":253,"column":13},"end":{"line":253,"column":25}}},"18":{"name":"(anonymous_18)","line":266,"loc":{"start":{"line":266,"column":11},"end":{"line":266,"column":29}}},"19":{"name":"(anonymous_19)","line":278,"loc":{"start":{"line":278,"column":8},"end":{"line":278,"column":26}}},"20":{"name":"(anonymous_20)","line":287,"loc":{"start":{"line":287,"column":7},"end":{"line":287,"column":19}}},"21":{"name":"(anonymous_21)","line":294,"loc":{"start":{"line":294,"column":8},"end":{"line":294,"column":20}}},"22":{"name":"(anonymous_22)","line":298,"loc":{"start":{"line":298,"column":9},"end":{"line":298,"column":21}}},"23":{"name":"(anonymous_23)","line":306,"loc":{"start":{"line":306,"column":10},"end":{"line":306,"column":27}}},"24":{"name":"(anonymous_24)","line":312,"loc":{"start":{"line":312,"column":9},"end":{"line":312,"column":26}}},"25":{"name":"(anonymous_25)","line":318,"loc":{"start":{"line":318,"column":11},"end":{"line":318,"column":28}}},"26":{"name":"(anonymous_26)","line":324,"loc":{"start":{"line":324,"column":13},"end":{"line":324,"column":30}}},"27":{"name":"(anonymous_27)","line":330,"loc":{"start":{"line":330,"column":9},"end":{"line":330,"column":26}}},"28":{"name":"(anonymous_28)","line":336,"loc":{"start":{"line":336,"column":10},"end":{"line":336,"column":27}}},"29":{"name":"(anonymous_29)","line":342,"loc":{"start":{"line":342,"column":12},"end":{"line":342,"column":24}}},"30":{"name":"(anonymous_30)","line":349,"loc":{"start":{"line":349,"column":7},"end":{"line":349,"column":24}}},"31":{"name":"(anonymous_31)","line":353,"loc":{"start":{"line":353,"column":10},"end":{"line":353,"column":27}}},"32":{"name":"(anonymous_32)","line":357,"loc":{"start":{"line":357,"column":9},"end":{"line":357,"column":28}}},"33":{"name":"(anonymous_33)","line":366,"loc":{"start":{"line":366,"column":6},"end":{"line":366,"column":36}}},"34":{"name":"(anonymous_34)","line":388,"loc":{"start":{"line":388,"column":29},"end":{"line":388,"column":46}}},"35":{"name":"(anonymous_35)","line":396,"loc":{"start":{"line":396,"column":26},"end":{"line":396,"column":38}}},"36":{"name":"(anonymous_36)","line":410,"loc":{"start":{"line":410,"column":16},"end":{"line":410,"column":33}}},"37":{"name":"roundTo","line":418,"loc":{"start":{"line":418,"column":0},"end":{"line":418,"column":30}}},"38":{"name":"roundToPlace","line":422,"loc":{"start":{"line":422,"column":0},"end":{"line":422,"column":30}}},"39":{"name":"(anonymous_39)","line":423,"loc":{"start":{"line":423,"column":8},"end":{"line":423,"column":23}}},"40":{"name":"getset","line":428,"loc":{"start":{"line":428,"column":0},"end":{"line":428,"column":42}}},"41":{"name":"(anonymous_41)","line":431,"loc":{"start":{"line":431,"column":15},"end":{"line":431,"column":28}}},"42":{"name":"(anonymous_42)","line":437,"loc":{"start":{"line":437,"column":8},"end":{"line":437,"column":23}}},"43":{"name":"maxfn","line":459,"loc":{"start":{"line":459,"column":0},"end":{"line":459,"column":20}}},"44":{"name":"(anonymous_44)","line":460,"loc":{"start":{"line":460,"column":8},"end":{"line":460,"column":21}}},"45":{"name":"assertArray","line":465,"loc":{"start":{"line":465,"column":0},"end":{"line":465,"column":26}}},"46":{"name":"zeroArray","line":469,"loc":{"start":{"line":469,"column":0},"end":{"line":469,"column":32}}}},"statementMap":{"1":{"start":{"line":3,"column":0},"end":{"line":3,"column":42}},"2":{"start":{"line":4,"column":0},"end":{"line":4,"column":39}},"3":{"start":{"line":6,"column":0},"end":{"line":6,"column":22}},"4":{"start":{"line":8,"column":0},"end":{"line":17,"column":2}},"5":{"start":{"line":19,"column":0},"end":{"line":19,"column":25}},"6":{"start":{"line":20,"column":0},"end":{"line":22,"column":3}},"7":{"start":{"line":21,"column":1},"end":{"line":21,"column":77}},"8":{"start":{"line":24,"column":0},"end":{"line":24,"column":18}},"9":{"start":{"line":26,"column":0},"end":{"line":117,"column":1}},"10":{"start":{"line":27,"column":1},"end":{"line":29,"column":2}},"11":{"start":{"line":28,"column":2},"end":{"line":28,"column":31}},"12":{"start":{"line":31,"column":1},"end":{"line":33,"column":2}},"13":{"start":{"line":32,"column":2},"end":{"line":32,"column":15}},"14":{"start":{"line":35,"column":1},"end":{"line":37,"column":2}},"15":{"start":{"line":36,"column":2},"end":{"line":36,"column":45}},"16":{"start":{"line":39,"column":1},"end":{"line":39,"column":7}},"17":{"start":{"line":40,"column":1},"end":{"line":40,"column":14}},"18":{"start":{"line":42,"column":1},"end":{"line":99,"column":2}},"19":{"start":{"line":43,"column":2},"end":{"line":43,"column":21}},"20":{"start":{"line":44,"column":2},"end":{"line":44,"column":25}},"21":{"start":{"line":45,"column":2},"end":{"line":45,"column":18}},"22":{"start":{"line":46,"column":8},"end":{"line":99,"column":2}},"23":{"start":{"line":47,"column":2},"end":{"line":47,"column":25}},"24":{"start":{"line":48,"column":2},"end":{"line":48,"column":33}},"25":{"start":{"line":49,"column":2},"end":{"line":49,"column":27}},"26":{"start":{"line":50,"column":8},"end":{"line":99,"column":2}},"27":{"start":{"line":51,"column":2},"end":{"line":51,"column":36}},"28":{"start":{"line":52,"column":2},"end":{"line":54,"column":3}},"29":{"start":{"line":53,"column":3},"end":{"line":53,"column":64}},"30":{"start":{"line":56,"column":2},"end":{"line":56,"column":28}},"31":{"start":{"line":57,"column":2},"end":{"line":57,"column":42}},"32":{"start":{"line":58,"column":2},"end":{"line":58,"column":47}},"33":{"start":{"line":59,"column":2},"end":{"line":59,"column":88}},"34":{"start":{"line":60,"column":8},"end":{"line":99,"column":2}},"35":{"start":{"line":61,"column":2},"end":{"line":61,"column":30}},"36":{"start":{"line":62,"column":2},"end":{"line":62,"column":42}},"37":{"start":{"line":63,"column":2},"end":{"line":63,"column":45}},"38":{"start":{"line":64,"column":2},"end":{"line":64,"column":43}},"39":{"start":{"line":65,"column":2},"end":{"line":65,"column":70}},"40":{"start":{"line":66,"column":8},"end":{"line":99,"column":2}},"41":{"start":{"line":68,"column":2},"end":{"line":68,"column":18}},"42":{"start":{"line":69,"column":2},"end":{"line":69,"column":21}},"43":{"start":{"line":70,"column":2},"end":{"line":74,"column":4}},"44":{"start":{"line":75,"column":2},"end":{"line":75,"column":18}},"45":{"start":{"line":77,"column":2},"end":{"line":77,"column":18}},"46":{"start":{"line":79,"column":2},"end":{"line":79,"column":30}},"47":{"start":{"line":80,"column":2},"end":{"line":83,"column":3}},"48":{"start":{"line":81,"column":3},"end":{"line":81,"column":41}},"49":{"start":{"line":82,"column":3},"end":{"line":82,"column":63}},"50":{"start":{"line":85,"column":2},"end":{"line":85,"column":40}},"51":{"start":{"line":86,"column":2},"end":{"line":88,"column":3}},"52":{"start":{"line":87,"column":3},"end":{"line":87,"column":80}},"53":{"start":{"line":90,"column":2},"end":{"line":90,"column":43}},"54":{"start":{"line":92,"column":2},"end":{"line":92,"column":42}},"55":{"start":{"line":93,"column":2},"end":{"line":93,"column":17}},"56":{"start":{"line":94,"column":2},"end":{"line":96,"column":3}},"57":{"start":{"line":95,"column":3},"end":{"line":95,"column":30}},"58":{"start":{"line":98,"column":2},"end":{"line":98,"column":32}},"59":{"start":{"line":102,"column":1},"end":{"line":110,"column":2}},"60":{"start":{"line":103,"column":2},"end":{"line":103,"column":42}},"61":{"start":{"line":104,"column":2},"end":{"line":109,"column":3}},"62":{"start":{"line":105,"column":3},"end":{"line":105,"column":39}},"63":{"start":{"line":106,"column":3},"end":{"line":108,"column":4}},"64":{"start":{"line":107,"column":4},"end":{"line":107,"column":41}},"65":{"start":{"line":112,"column":1},"end":{"line":112,"column":53}},"66":{"start":{"line":114,"column":1},"end":{"line":116,"column":2}},"67":{"start":{"line":115,"column":2},"end":{"line":115,"column":22}},"68":{"start":{"line":119,"column":0},"end":{"line":385,"column":2}},"69":{"start":{"line":121,"column":2},"end":{"line":121,"column":23}},"70":{"start":{"line":125,"column":2},"end":{"line":125,"column":28}},"71":{"start":{"line":129,"column":2},"end":{"line":129,"column":62}},"72":{"start":{"line":130,"column":2},"end":{"line":130,"column":61}},"73":{"start":{"line":131,"column":2},"end":{"line":131,"column":77}},"74":{"start":{"line":132,"column":2},"end":{"line":132,"column":42}},"75":{"start":{"line":136,"column":2},"end":{"line":136,"column":71}},"76":{"start":{"line":137,"column":2},"end":{"line":137,"column":77}},"77":{"start":{"line":138,"column":2},"end":{"line":138,"column":42}},"78":{"start":{"line":142,"column":2},"end":{"line":142,"column":81}},"79":{"start":{"line":146,"column":2},"end":{"line":146,"column":18}},"80":{"start":{"line":147,"column":2},"end":{"line":147,"column":46}},"81":{"start":{"line":148,"column":2},"end":{"line":148,"column":42}},"82":{"start":{"line":150,"column":2},"end":{"line":152,"column":3}},"83":{"start":{"line":151,"column":3},"end":{"line":151,"column":37}},"84":{"start":{"line":154,"column":2},"end":{"line":156,"column":3}},"85":{"start":{"line":155,"column":3},"end":{"line":155,"column":30}},"86":{"start":{"line":158,"column":2},"end":{"line":158,"column":16}},"87":{"start":{"line":162,"column":2},"end":{"line":162,"column":29}},"88":{"start":{"line":163,"column":2},"end":{"line":163,"column":16}},"89":{"start":{"line":164,"column":2},"end":{"line":164,"column":16}},"90":{"start":{"line":165,"column":2},"end":{"line":165,"column":16}},"91":{"start":{"line":167,"column":2},"end":{"line":169,"column":3}},"92":{"start":{"line":168,"column":3},"end":{"line":168,"column":25}},"93":{"start":{"line":171,"column":2},"end":{"line":171,"column":13}},"94":{"start":{"line":175,"column":2},"end":{"line":175,"column":32}},"95":{"start":{"line":176,"column":2},"end":{"line":176,"column":15}},"96":{"start":{"line":177,"column":2},"end":{"line":177,"column":15}},"97":{"start":{"line":178,"column":2},"end":{"line":178,"column":15}},"98":{"start":{"line":180,"column":2},"end":{"line":182,"column":3}},"99":{"start":{"line":181,"column":3},"end":{"line":181,"column":27}},"100":{"start":{"line":184,"column":2},"end":{"line":184,"column":13}},"101":{"start":{"line":188,"column":2},"end":{"line":188,"column":36}},"102":{"start":{"line":189,"column":2},"end":{"line":189,"column":89}},"103":{"start":{"line":193,"column":2},"end":{"line":195,"column":3}},"104":{"start":{"line":194,"column":3},"end":{"line":194,"column":82}},"105":{"start":{"line":197,"column":2},"end":{"line":197,"column":21}},"106":{"start":{"line":205,"column":70},"end":{"line":205,"column":103}},"107":{"start":{"line":233,"column":2},"end":{"line":235,"column":3}},"108":{"start":{"line":234,"column":3},"end":{"line":234,"column":25}},"109":{"start":{"line":237,"column":2},"end":{"line":237,"column":49}},"110":{"start":{"line":241,"column":2},"end":{"line":243,"column":3}},"111":{"start":{"line":242,"column":3},"end":{"line":242,"column":25}},"112":{"start":{"line":245,"column":2},"end":{"line":245,"column":54}},"113":{"start":{"line":249,"column":2},"end":{"line":249,"column":29}},"114":{"start":{"line":250,"column":2},"end":{"line":250,"column":76}},"115":{"start":{"line":255,"column":2},"end":{"line":255,"column":29}},"116":{"start":{"line":257,"column":2},"end":{"line":257,"column":15}},"117":{"start":{"line":258,"column":2},"end":{"line":261,"column":3}},"118":{"start":{"line":259,"column":3},"end":{"line":259,"column":27}},"119":{"start":{"line":260,"column":3},"end":{"line":260,"column":87}},"120":{"start":{"line":263,"column":2},"end":{"line":263,"column":61}},"121":{"start":{"line":268,"column":2},"end":{"line":268,"column":31}},"122":{"start":{"line":269,"column":2},"end":{"line":269,"column":33}},"123":{"start":{"line":271,"column":2},"end":{"line":273,"column":3}},"124":{"start":{"line":272,"column":3},"end":{"line":272,"column":40}},"125":{"start":{"line":275,"column":2},"end":{"line":275,"column":39}},"126":{"start":{"line":279,"column":2},"end":{"line":279,"column":44}},"127":{"start":{"line":280,"column":2},"end":{"line":282,"column":3}},"128":{"start":{"line":281,"column":3},"end":{"line":281,"column":16}},"129":{"start":{"line":284,"column":2},"end":{"line":284,"column":44}},"130":{"start":{"line":289,"column":2},"end":{"line":289,"column":29}},"131":{"start":{"line":290,"column":2},"end":{"line":290,"column":64}},"132":{"start":{"line":291,"column":2},"end":{"line":291,"column":19}},"133":{"start":{"line":295,"column":2},"end":{"line":295,"column":22}},"134":{"start":{"line":299,"column":2},"end":{"line":299,"column":23}},"135":{"start":{"line":300,"column":2},"end":{"line":302,"column":3}},"136":{"start":{"line":301,"column":3},"end":{"line":301,"column":37}},"137":{"start":{"line":303,"column":2},"end":{"line":303,"column":13}},"138":{"start":{"line":307,"column":2},"end":{"line":307,"column":23}},"139":{"start":{"line":308,"column":2},"end":{"line":308,"column":39}},"140":{"start":{"line":309,"column":2},"end":{"line":309,"column":13}},"141":{"start":{"line":313,"column":2},"end":{"line":313,"column":23}},"142":{"start":{"line":314,"column":2},"end":{"line":314,"column":39}},"143":{"start":{"line":315,"column":2},"end":{"line":315,"column":13}},"144":{"start":{"line":319,"column":2},"end":{"line":319,"column":23}},"145":{"start":{"line":320,"column":2},"end":{"line":320,"column":39}},"146":{"start":{"line":321,"column":2},"end":{"line":321,"column":13}},"147":{"start":{"line":325,"column":2},"end":{"line":325,"column":23}},"148":{"start":{"line":326,"column":2},"end":{"line":326,"column":39}},"149":{"start":{"line":327,"column":2},"end":{"line":327,"column":13}},"150":{"start":{"line":331,"column":2},"end":{"line":331,"column":23}},"151":{"start":{"line":332,"column":2},"end":{"line":332,"column":39}},"152":{"start":{"line":333,"column":2},"end":{"line":333,"column":13}},"153":{"start":{"line":337,"column":2},"end":{"line":337,"column":23}},"154":{"start":{"line":338,"column":2},"end":{"line":338,"column":39}},"155":{"start":{"line":339,"column":2},"end":{"line":339,"column":13}},"156":{"start":{"line":344,"column":2},"end":{"line":344,"column":29}},"157":{"start":{"line":345,"column":2},"end":{"line":345,"column":57}},"158":{"start":{"line":346,"column":2},"end":{"line":346,"column":34}},"159":{"start":{"line":350,"column":2},"end":{"line":350,"column":57}},"160":{"start":{"line":354,"column":2},"end":{"line":354,"column":57}},"161":{"start":{"line":358,"column":2},"end":{"line":358,"column":23}},"162":{"start":{"line":359,"column":2},"end":{"line":359,"column":25}},"163":{"start":{"line":360,"column":2},"end":{"line":360,"column":30}},"164":{"start":{"line":361,"column":2},"end":{"line":361,"column":34}},"165":{"start":{"line":362,"column":2},"end":{"line":362,"column":21}},"166":{"start":{"line":363,"column":2},"end":{"line":363,"column":13}},"167":{"start":{"line":369,"column":2},"end":{"line":369,"column":26}},"168":{"start":{"line":370,"column":2},"end":{"line":370,"column":32}},"169":{"start":{"line":371,"column":2},"end":{"line":371,"column":46}},"170":{"start":{"line":373,"column":2},"end":{"line":373,"column":20}},"171":{"start":{"line":374,"column":2},"end":{"line":374,"column":42}},"172":{"start":{"line":376,"column":2},"end":{"line":376,"column":68}},"173":{"start":{"line":377,"column":2},"end":{"line":377,"column":18}},"174":{"start":{"line":379,"column":2},"end":{"line":383,"column":51}},"175":{"start":{"line":388,"column":0},"end":{"line":416,"column":3}},"176":{"start":{"line":389,"column":1},"end":{"line":391,"column":2}},"177":{"start":{"line":390,"column":2},"end":{"line":390,"column":9}},"178":{"start":{"line":393,"column":1},"end":{"line":393,"column":40}},"179":{"start":{"line":396,"column":1},"end":{"line":407,"column":3}},"180":{"start":{"line":397,"column":2},"end":{"line":399,"column":3}},"181":{"start":{"line":398,"column":3},"end":{"line":398,"column":26}},"182":{"start":{"line":401,"column":2},"end":{"line":403,"column":3}},"183":{"start":{"line":402,"column":3},"end":{"line":402,"column":38}},"184":{"start":{"line":405,"column":2},"end":{"line":405,"column":82}},"185":{"start":{"line":406,"column":2},"end":{"line":406,"column":100}},"186":{"start":{"line":410,"column":1},"end":{"line":415,"column":3}},"187":{"start":{"line":411,"column":2},"end":{"line":413,"column":3}},"188":{"start":{"line":412,"column":3},"end":{"line":412,"column":55}},"189":{"start":{"line":414,"column":2},"end":{"line":414,"column":33}},"190":{"start":{"line":418,"column":0},"end":{"line":420,"column":1}},"191":{"start":{"line":419,"column":1},"end":{"line":419,"column":36}},"192":{"start":{"line":422,"column":0},"end":{"line":426,"column":1}},"193":{"start":{"line":423,"column":1},"end":{"line":425,"column":3}},"194":{"start":{"line":424,"column":2},"end":{"line":424,"column":30}},"195":{"start":{"line":428,"column":0},"end":{"line":457,"column":1}},"196":{"start":{"line":429,"column":1},"end":{"line":429,"column":48}},"197":{"start":{"line":431,"column":1},"end":{"line":433,"column":4}},"198":{"start":{"line":432,"column":2},"end":{"line":432,"column":58}},"199":{"start":{"line":435,"column":1},"end":{"line":435,"column":18}},"200":{"start":{"line":437,"column":1},"end":{"line":456,"column":3}},"201":{"start":{"line":438,"column":2},"end":{"line":438,"column":13}},"202":{"start":{"line":440,"column":2},"end":{"line":448,"column":3}},"203":{"start":{"line":441,"column":3},"end":{"line":443,"column":4}},"204":{"start":{"line":442,"column":4},"end":{"line":442,"column":24}},"205":{"start":{"line":445,"column":3},"end":{"line":445,"column":26}},"206":{"start":{"line":446,"column":3},"end":{"line":446,"column":31}},"207":{"start":{"line":447,"column":3},"end":{"line":447,"column":17}},"208":{"start":{"line":450,"column":2},"end":{"line":450,"column":40}},"209":{"start":{"line":451,"column":2},"end":{"line":453,"column":3}},"210":{"start":{"line":452,"column":3},"end":{"line":452,"column":29}},"211":{"start":{"line":455,"column":2},"end":{"line":455,"column":16}},"212":{"start":{"line":459,"column":0},"end":{"line":463,"column":1}},"213":{"start":{"line":460,"column":1},"end":{"line":462,"column":3}},"214":{"start":{"line":461,"column":2},"end":{"line":461,"column":39}},"215":{"start":{"line":465,"column":0},"end":{"line":467,"column":1}},"216":{"start":{"line":466,"column":1},"end":{"line":466,"column":41}},"217":{"start":{"line":469,"column":0},"end":{"line":477,"column":1}},"218":{"start":{"line":470,"column":1},"end":{"line":474,"column":2}},"219":{"start":{"line":471,"column":2},"end":{"line":473,"column":3}},"220":{"start":{"line":472,"column":3},"end":{"line":472,"column":14}},"221":{"start":{"line":476,"column":1},"end":{"line":476,"column":12}},"222":{"start":{"line":479,"column":0},"end":{"line":479,"column":23}}},"branchMap":{"1":{"line":27,"type":"if","locations":[{"start":{"line":27,"column":1},"end":{"line":27,"column":1}},{"start":{"line":27,"column":1},"end":{"line":27,"column":1}}]},"2":{"line":31,"type":"if","locations":[{"start":{"line":31,"column":1},"end":{"line":31,"column":1}},{"start":{"line":31,"column":1},"end":{"line":31,"column":1}}]},"3":{"line":31,"type":"binary-expr","locations":[{"start":{"line":31,"column":5},"end":{"line":31,"column":10}},{"start":{"line":31,"column":14},"end":{"line":31,"column":36}}]},"4":{"line":35,"type":"if","locations":[{"start":{"line":35,"column":1},"end":{"line":35,"column":1}},{"start":{"line":35,"column":1},"end":{"line":35,"column":1}}]},"5":{"line":35,"type":"binary-expr","locations":[{"start":{"line":35,"column":5},"end":{"line":35,"column":10}},{"start":{"line":35,"column":14},"end":{"line":35,"column":33}}]},"6":{"line":42,"type":"if","locations":[{"start":{"line":42,"column":1},"end":{"line":42,"column":1}},{"start":{"line":42,"column":1},"end":{"line":42,"column":1}}]},"7":{"line":46,"type":"if","locations":[{"start":{"line":46,"column":8},"end":{"line":46,"column":8}},{"start":{"line":46,"column":8},"end":{"line":46,"column":8}}]},"8":{"line":50,"type":"if","locations":[{"start":{"line":50,"column":8},"end":{"line":50,"column":8}},{"start":{"line":50,"column":8},"end":{"line":50,"column":8}}]},"9":{"line":52,"type":"if","locations":[{"start":{"line":52,"column":2},"end":{"line":52,"column":2}},{"start":{"line":52,"column":2},"end":{"line":52,"column":2}}]},"10":{"line":59,"type":"cond-expr","locations":[{"start":{"line":59,"column":61},"end":{"line":59,"column":83}},{"start":{"line":59,"column":86},"end":{"line":59,"column":87}}]},"11":{"line":60,"type":"if","locations":[{"start":{"line":60,"column":8},"end":{"line":60,"column":8}},{"start":{"line":60,"column":8},"end":{"line":60,"column":8}}]},"12":{"line":61,"type":"binary-expr","locations":[{"start":{"line":61,"column":15},"end":{"line":61,"column":20}},{"start":{"line":61,"column":24},"end":{"line":61,"column":29}}]},"13":{"line":65,"type":"cond-expr","locations":[{"start":{"line":65,"column":52},"end":{"line":65,"column":65}},{"start":{"line":65,"column":68},"end":{"line":65,"column":69}}]},"14":{"line":66,"type":"if","locations":[{"start":{"line":66,"column":8},"end":{"line":66,"column":8}},{"start":{"line":66,"column":8},"end":{"line":66,"column":8}}]},"15":{"line":80,"type":"if","locations":[{"start":{"line":80,"column":2},"end":{"line":80,"column":2}},{"start":{"line":80,"column":2},"end":{"line":80,"column":2}}]},"16":{"line":82,"type":"cond-expr","locations":[{"start":{"line":82,"column":49},"end":{"line":82,"column":58}},{"start":{"line":82,"column":61},"end":{"line":82,"column":62}}]},"17":{"line":86,"type":"if","locations":[{"start":{"line":86,"column":2},"end":{"line":86,"column":2}},{"start":{"line":86,"column":2},"end":{"line":86,"column":2}}]},"18":{"line":102,"type":"if","locations":[{"start":{"line":102,"column":1},"end":{"line":102,"column":1}},{"start":{"line":102,"column":1},"end":{"line":102,"column":1}}]},"19":{"line":106,"type":"if","locations":[{"start":{"line":106,"column":3},"end":{"line":106,"column":3}},{"start":{"line":106,"column":3},"end":{"line":106,"column":3}}]},"20":{"line":114,"type":"if","locations":[{"start":{"line":114,"column":1},"end":{"line":114,"column":1}},{"start":{"line":114,"column":1},"end":{"line":114,"column":1}}]},"21":{"line":129,"type":"cond-expr","locations":[{"start":{"line":129,"column":44},"end":{"line":129,"column":48}},{"start":{"line":129,"column":51},"end":{"line":129,"column":61}}]},"22":{"line":130,"type":"cond-expr","locations":[{"start":{"line":130,"column":49},"end":{"line":130,"column":55}},{"start":{"line":130,"column":58},"end":{"line":130,"column":59}}]},"23":{"line":131,"type":"cond-expr","locations":[{"start":{"line":131,"column":33},"end":{"line":131,"column":43}},{"start":{"line":131,"column":46},"end":{"line":131,"column":76}}]},"24":{"line":136,"type":"cond-expr","locations":[{"start":{"line":136,"column":59},"end":{"line":136,"column":65}},{"start":{"line":136,"column":68},"end":{"line":136,"column":69}}]},"25":{"line":137,"type":"cond-expr","locations":[{"start":{"line":137,"column":33},"end":{"line":137,"column":43}},{"start":{"line":137,"column":46},"end":{"line":137,"column":76}}]},"26":{"line":142,"type":"cond-expr","locations":[{"start":{"line":142,"column":29},"end":{"line":142,"column":47}},{"start":{"line":142,"column":50},"end":{"line":142,"column":80}}]},"27":{"line":154,"type":"if","locations":[{"start":{"line":154,"column":2},"end":{"line":154,"column":2}},{"start":{"line":154,"column":2},"end":{"line":154,"column":2}}]},"28":{"line":167,"type":"if","locations":[{"start":{"line":167,"column":2},"end":{"line":167,"column":2}},{"start":{"line":167,"column":2},"end":{"line":167,"column":2}}]},"29":{"line":180,"type":"if","locations":[{"start":{"line":180,"column":2},"end":{"line":180,"column":2}},{"start":{"line":180,"column":2},"end":{"line":180,"column":2}}]},"30":{"line":188,"type":"binary-expr","locations":[{"start":{"line":188,"column":20},"end":{"line":188,"column":26}},{"start":{"line":188,"column":30},"end":{"line":188,"column":31}}]},"31":{"line":193,"type":"if","locations":[{"start":{"line":193,"column":2},"end":{"line":193,"column":2}},{"start":{"line":193,"column":2},"end":{"line":193,"column":2}}]},"32":{"line":233,"type":"if","locations":[{"start":{"line":233,"column":2},"end":{"line":233,"column":2}},{"start":{"line":233,"column":2},"end":{"line":233,"column":2}}]},"33":{"line":241,"type":"if","locations":[{"start":{"line":241,"column":2},"end":{"line":241,"column":2}},{"start":{"line":241,"column":2},"end":{"line":241,"column":2}}]},"34":{"line":260,"type":"cond-expr","locations":[{"start":{"line":260,"column":32},"end":{"line":260,"column":44}},{"start":{"line":260,"column":47},"end":{"line":260,"column":86}}]},"35":{"line":271,"type":"if","locations":[{"start":{"line":271,"column":2},"end":{"line":271,"column":2}},{"start":{"line":271,"column":2},"end":{"line":271,"column":2}}]},"36":{"line":280,"type":"if","locations":[{"start":{"line":280,"column":2},"end":{"line":280,"column":2}},{"start":{"line":280,"column":2},"end":{"line":280,"column":2}}]},"37":{"line":284,"type":"cond-expr","locations":[{"start":{"line":284,"column":34},"end":{"line":284,"column":38}},{"start":{"line":284,"column":41},"end":{"line":284,"column":43}}]},"38":{"line":361,"type":"cond-expr","locations":[{"start":{"line":361,"column":18},"end":{"line":361,"column":27}},{"start":{"line":361,"column":30},"end":{"line":361,"column":33}}]},"39":{"line":371,"type":"cond-expr","locations":[{"start":{"line":371,"column":33},"end":{"line":371,"column":36}},{"start":{"line":371,"column":39},"end":{"line":371,"column":45}}]},"40":{"line":376,"type":"cond-expr","locations":[{"start":{"line":376,"column":30},"end":{"line":376,"column":31}},{"start":{"line":376,"column":34},"end":{"line":376,"column":55}}]},"41":{"line":389,"type":"if","locations":[{"start":{"line":389,"column":1},"end":{"line":389,"column":1}},{"start":{"line":389,"column":1},"end":{"line":389,"column":1}}]},"42":{"line":397,"type":"if","locations":[{"start":{"line":397,"column":2},"end":{"line":397,"column":2}},{"start":{"line":397,"column":2},"end":{"line":397,"column":2}}]},"43":{"line":401,"type":"if","locations":[{"start":{"line":401,"column":2},"end":{"line":401,"column":2}},{"start":{"line":401,"column":2},"end":{"line":401,"column":2}}]},"44":{"line":405,"type":"cond-expr","locations":[{"start":{"line":405,"column":59},"end":{"line":405,"column":67}},{"start":{"line":405,"column":70},"end":{"line":405,"column":81}}]},"45":{"line":411,"type":"if","locations":[{"start":{"line":411,"column":2},"end":{"line":411,"column":2}},{"start":{"line":411,"column":2},"end":{"line":411,"column":2}}]},"46":{"line":429,"type":"cond-expr","locations":[{"start":{"line":429,"column":32},"end":{"line":429,"column":37}},{"start":{"line":429,"column":40},"end":{"line":429,"column":47}}]},"47":{"line":432,"type":"binary-expr","locations":[{"start":{"line":432,"column":3},"end":{"line":432,"column":14}},{"start":{"line":432,"column":19},"end":{"line":432,"column":35}}]},"48":{"line":440,"type":"if","locations":[{"start":{"line":440,"column":2},"end":{"line":440,"column":2}},{"start":{"line":440,"column":2},"end":{"line":440,"column":2}}]},"49":{"line":441,"type":"if","locations":[{"start":{"line":441,"column":3},"end":{"line":441,"column":3}},{"start":{"line":441,"column":3},"end":{"line":441,"column":3}}]},"50":{"line":451,"type":"if","locations":[{"start":{"line":451,"column":2},"end":{"line":451,"column":2}},{"start":{"line":451,"column":2},"end":{"line":451,"column":2}}]},"51":{"line":466,"type":"cond-expr","locations":[{"start":{"line":466,"column":29},"end":{"line":466,"column":32}},{"start":{"line":466,"column":35},"end":{"line":466,"column":40}}]},"52":{"line":471,"type":"if","locations":[{"start":{"line":471,"column":2},"end":{"line":471,"column":2}},{"start":{"line":471,"column":2},"end":{"line":471,"column":2}}]}},"code":["'use strict';","","var colorString = require('color-string');","var convert = require('color-convert');","","var _slice = [].slice;","","var skippedModels = [","\t// to be honest, I don't really feel like keyword belongs in color convert, but eh.","\t'keyword',","","\t// gray conflicts with some method names, and has its own method defined.","\t'gray',","","\t// shouldn't really be in color-convert either...","\t'hex'","];","","var hashedModelKeys = {};","Object.keys(convert).forEach(function (model) {","\thashedModelKeys[_slice.call(convert[model].labels).sort().join('')] = model;","});","","var limiters = {};","","function Color(obj, model) {","\tif (!(this instanceof Color)) {","\t\treturn new Color(obj, model);","\t}","","\tif (model && model in skippedModels) {","\t\tmodel = null;","\t}","","\tif (model && !(model in convert)) {","\t\tthrow new Error('Unknown model: ' + model);","\t}","","\tvar i;","\tvar channels;","","\tif (!obj) {","\t\tthis.model = 'rgb';","\t\tthis.color = [0, 0, 0];","\t\tthis.valpha = 1;","\t} else if (obj instanceof Color) {","\t\tthis.model = obj.model;","\t\tthis.color = obj.color.slice();","\t\tthis.valpha = obj.valpha;","\t} else if (typeof obj === 'string') {","\t\tvar result = colorString.get(obj);","\t\tif (result === null) {","\t\t\tthrow new Error('Unable to parse color from string: ' + obj);","\t\t}","","\t\tthis.model = result.model;","\t\tchannels = convert[this.model].channels;","\t\tthis.color = result.value.slice(0, channels);","\t\tthis.valpha = typeof result.value[channels] === 'number' ? result.value[channels] : 1;","\t} else if (obj.length) {","\t\tthis.model = model || 'rgb';","\t\tchannels = convert[this.model].channels;","\t\tvar newArr = _slice.call(obj, 0, channels);","\t\tthis.color = zeroArray(newArr, channels);","\t\tthis.valpha = typeof obj[channels] === 'number' ? obj[channels] : 1;","\t} else if (typeof obj === 'number') {","\t\t// this is always RGB - can be converted later on.","\t\tobj &= 0xFFFFFF;","\t\tthis.model = 'rgb';","\t\tthis.color = [","\t\t\t(obj >> 16) & 0xFF,","\t\t\t(obj >> 8) & 0xFF,","\t\t\tobj & 0xFF","\t\t];","\t\tthis.valpha = 1;","\t} else {","\t\tthis.valpha = 1;","","\t\tvar keys = Object.keys(obj);","\t\tif ('alpha' in obj) {","\t\t\tkeys.splice(keys.indexOf('alpha'), 1);","\t\t\tthis.valpha = typeof obj.alpha === 'number' ? obj.alpha : 0;","\t\t}","","\t\tvar hashedKeys = keys.sort().join('');","\t\tif (!(hashedKeys in hashedModelKeys)) {","\t\t\tthrow new Error('Unable to parse color from object: ' + JSON.stringify(obj));","\t\t}","","\t\tthis.model = hashedModelKeys[hashedKeys];","","\t\tvar labels = convert[this.model].labels;","\t\tvar color = [];","\t\tfor (i = 0; i < labels.length; i++) {","\t\t\tcolor.push(obj[labels[i]]);","\t\t}","","\t\tthis.color = zeroArray(color);","\t}","","\t// perform limitations (clamping, etc.)","\tif (limiters[this.model]) {","\t\tchannels = convert[this.model].channels;","\t\tfor (i = 0; i < channels; i++) {","\t\t\tvar limit = limiters[this.model][i];","\t\t\tif (limit) {","\t\t\t\tthis.color[i] = limit(this.color[i]);","\t\t\t}","\t\t}","\t}","","\tthis.valpha = Math.max(0, Math.min(1, this.valpha));","","\tif (Object.freeze) {","\t\tObject.freeze(this);","\t}","}","","Color.prototype = {","\ttoString: function () {","\t\treturn this.string();","\t},","","\ttoJSON: function () {","\t\treturn this[this.model]();","\t},","","\tstring: function (places) {","\t\tvar self = this.model in colorString.to ? this : this.rgb();","\t\tself = self.round(typeof places === 'number' ? places : 1);","\t\tvar args = self.valpha === 1 ? self.color : self.color.concat(this.valpha);","\t\treturn colorString.to[self.model](args);","\t},","","\tpercentString: function (places) {","\t\tvar self = this.rgb().round(typeof places === 'number' ? places : 1);","\t\tvar args = self.valpha === 1 ? self.color : self.color.concat(this.valpha);","\t\treturn colorString.to.rgb.percent(args);","\t},","","\tarray: function () {","\t\treturn this.valpha === 1 ? this.color.slice() : this.color.concat(this.valpha);","\t},","","\tobject: function () {","\t\tvar result = {};","\t\tvar channels = convert[this.model].channels;","\t\tvar labels = convert[this.model].labels;","","\t\tfor (var i = 0; i < channels; i++) {","\t\t\tresult[labels[i]] = this.color[i];","\t\t}","","\t\tif (this.valpha !== 1) {","\t\t\tresult.alpha = this.valpha;","\t\t}","","\t\treturn result;","\t},","","\tunitArray: function () {","\t\tvar rgb = this.rgb().color;","\t\trgb[0] /= 255;","\t\trgb[1] /= 255;","\t\trgb[2] /= 255;","","\t\tif (this.valpha !== 1) {","\t\t\trgb.push(this.valpha);","\t\t}","","\t\treturn rgb;","\t},","","\tunitObject: function () {","\t\tvar rgb = this.rgb().object();","\t\trgb.r /= 255;","\t\trgb.g /= 255;","\t\trgb.b /= 255;","","\t\tif (this.valpha !== 1) {","\t\t\trgb.alpha = this.valpha;","\t\t}","","\t\treturn rgb;","\t},","","\tround: function (places) {","\t\tplaces = Math.max(places || 0, 0);","\t\treturn new Color(this.color.map(roundToPlace(places)).concat(this.valpha), this.model);","\t},","","\talpha: function (val) {","\t\tif (arguments.length) {","\t\t\treturn new Color(this.color.concat(Math.max(0, Math.min(1, val))), this.model);","\t\t}","","\t\treturn this.valpha;","\t},","","\t// rgb","\tred: getset('rgb', 0, maxfn(255)),","\tgreen: getset('rgb', 1, maxfn(255)),","\tblue: getset('rgb', 2, maxfn(255)),","","\thue: getset(['hsl', 'hsv', 'hsl', 'hwb', 'hcg'], 0, function (val) { return ((val % 360) + 360) % 360; }), // eslint-disable-line brace-style","","\tsaturationl: getset('hsl', 1, maxfn(100)),","\tlightness: getset('hsl', 2, maxfn(100)),","","\tsaturationv: getset('hsv', 1, maxfn(100)),","\tvalue: getset('hsv', 2, maxfn(100)),","","\tchroma: getset('hcg', 1, maxfn(100)),","\tgray: getset('hcg', 2, maxfn(100)),","","\twhite: getset('hwb', 1, maxfn(100)),","\twblack: getset('hwb', 2, maxfn(100)),","","\tcyan: getset('cmyk', 0, maxfn(100)),","\tmagenta: getset('cmyk', 1, maxfn(100)),","\tyellow: getset('cmyk', 2, maxfn(100)),","\tblack: getset('cmyk', 3, maxfn(100)),","","\tx: getset('xyz', 0, maxfn(100)),","\ty: getset('xyz', 1, maxfn(100)),","\tz: getset('xyz', 2, maxfn(100)),","","\tl: getset('lab', 0, maxfn(100)),","\ta: getset('lab', 1),","\tb: getset('lab', 2),","","\tkeyword: function (val) {","\t\tif (arguments.length) {","\t\t\treturn new Color(val);","\t\t}","","\t\treturn convert[this.model].keyword(this.color);","\t},","","\thex: function (val) {","\t\tif (arguments.length) {","\t\t\treturn new Color(val);","\t\t}","","\t\treturn colorString.to.hex(this.rgb().round().color);","\t},","","\trgbNumber: function () {","\t\tvar rgb = this.rgb().color;","\t\treturn ((rgb[0] & 0xFF) << 16) | ((rgb[1] & 0xFF) << 8) | (rgb[2] & 0xFF);","\t},","","\tluminosity: function () {","\t\t// http://www.w3.org/TR/WCAG20/#relativeluminancedef","\t\tvar rgb = this.rgb().color;","","\t\tvar lum = [];","\t\tfor (var i = 0; i < rgb.length; i++) {","\t\t\tvar chan = rgb[i] / 255;","\t\t\tlum[i] = (chan <= 0.03928) ? chan / 12.92 : Math.pow(((chan + 0.055) / 1.055), 2.4);","\t\t}","","\t\treturn 0.2126 * lum[0] + 0.7152 * lum[1] + 0.0722 * lum[2];","\t},","","\tcontrast: function (color2) {","\t\t// http://www.w3.org/TR/WCAG20/#contrast-ratiodef","\t\tvar lum1 = this.luminosity();","\t\tvar lum2 = color2.luminosity();","","\t\tif (lum1 > lum2) {","\t\t\treturn (lum1 + 0.05) / (lum2 + 0.05);","\t\t}","","\t\treturn (lum2 + 0.05) / (lum1 + 0.05);","\t},","","\tlevel: function (color2) {","\t\tvar contrastRatio = this.contrast(color2);","\t\tif (contrastRatio >= 7.1) {","\t\t\treturn 'AAA';","\t\t}","","\t\treturn (contrastRatio >= 4.5) ? 'AA' : '';","\t},","","\tdark: function () {","\t\t// YIQ equation from http://24ways.org/2010/calculating-color-contrast","\t\tvar rgb = this.rgb().color;","\t\tvar yiq = (rgb[0] * 299 + rgb[1] * 587 + rgb[2] * 114) / 1000;","\t\treturn yiq < 128;","\t},","","\tlight: function () {","\t\treturn !this.dark();","\t},","","\tnegate: function () {","\t\tvar rgb = this.rgb();","\t\tfor (var i = 0; i < 3; i++) {","\t\t\trgb.color[i] = 255 - rgb.color[i];","\t\t}","\t\treturn rgb;","\t},","","\tlighten: function (ratio) {","\t\tvar hsl = this.hsl();","\t\thsl.color[2] += hsl.color[2] * ratio;","\t\treturn hsl;","\t},","","\tdarken: function (ratio) {","\t\tvar hsl = this.hsl();","\t\thsl.color[2] -= hsl.color[2] * ratio;","\t\treturn hsl;","\t},","","\tsaturate: function (ratio) {","\t\tvar hsl = this.hsl();","\t\thsl.color[1] += hsl.color[1] * ratio;","\t\treturn hsl;","\t},","","\tdesaturate: function (ratio) {","\t\tvar hsl = this.hsl();","\t\thsl.color[1] -= hsl.color[1] * ratio;","\t\treturn hsl;","\t},","","\twhiten: function (ratio) {","\t\tvar hwb = this.hwb();","\t\thwb.color[1] += hwb.color[1] * ratio;","\t\treturn hwb;","\t},","","\tblacken: function (ratio) {","\t\tvar hwb = this.hwb();","\t\thwb.color[2] += hwb.color[2] * ratio;","\t\treturn hwb;","\t},","","\tgrayscale: function () {","\t\t// http://en.wikipedia.org/wiki/Grayscale#Converting_color_to_grayscale","\t\tvar rgb = this.rgb().color;","\t\tvar val = rgb[0] * 0.3 + rgb[1] * 0.59 + rgb[2] * 0.11;","\t\treturn Color.rgb(val, val, val);","\t},","","\tfade: function (ratio) {","\t\treturn this.alpha(this.valpha - (this.valpha * ratio));","\t},","","\topaquer: function (ratio) {","\t\treturn this.alpha(this.valpha + (this.valpha * ratio));","\t},","","\trotate: function (degrees) {","\t\tvar hsl = this.hsl();","\t\tvar hue = hsl.color[0];","\t\thue = (hue + degrees) % 360;","\t\thue = hue < 0 ? 360 + hue : hue;","\t\thsl.color[0] = hue;","\t\treturn hsl;","\t},","","\tmix: function (mixinColor, weight) {","\t\t// ported from sass implementation in C","\t\t// https://github.com/sass/libsass/blob/0e6b4a2850092356aa3ece07c6b249f0221caced/functions.cpp#L209","\t\tvar color1 = this.rgb();","\t\tvar color2 = mixinColor.rgb();","\t\tvar p = weight === undefined ? 0.5 : weight;","","\t\tvar w = 2 * p - 1;","\t\tvar a = color1.alpha() - color2.alpha();","","\t\tvar w1 = (((w * a === -1) ? w : (w + a) / (1 + w * a)) + 1) / 2.0;","\t\tvar w2 = 1 - w1;","","\t\treturn Color.rgb(","\t\t\t\tw1 * color1.red() + w2 * color2.red(),","\t\t\t\tw1 * color1.green() + w2 * color2.green(),","\t\t\t\tw1 * color1.blue() + w2 * color2.blue(),","\t\t\t\tcolor1.alpha() * p + color2.alpha() * (1 - p));","\t}","};","","// model conversion methods and static constructors","Object.keys(convert).forEach(function (model) {","\tif (skippedModels.indexOf(model) !== -1) {","\t\treturn;","\t}","","\tvar channels = convert[model].channels;","","\t// conversion methods","\tColor.prototype[model] = function () {","\t\tif (this.model === model) {","\t\t\treturn new Color(this);","\t\t}","","\t\tif (arguments.length) {","\t\t\treturn new Color(arguments, model);","\t\t}","","\t\tvar newAlpha = typeof arguments[channels] === 'number' ? channels : this.valpha;","\t\treturn new Color(assertArray(convert[this.model][model].raw(this.color)).concat(newAlpha), model);","\t};","","\t// 'static' construction methods","\tColor[model] = function (color) {","\t\tif (typeof color === 'number') {","\t\t\tcolor = zeroArray(_slice.call(arguments), channels);","\t\t}","\t\treturn new Color(color, model);","\t};","});","","function roundTo(num, places) {","\treturn Number(num.toFixed(places));","}","","function roundToPlace(places) {","\treturn function (num) {","\t\treturn roundTo(num, places);","\t};","}","","function getset(model, channel, modifier) {","\tmodel = Array.isArray(model) ? model : [model];","","\tmodel.forEach(function (m) {","\t\t(limiters[m] || (limiters[m] = []))[channel] = modifier;","\t});","","\tmodel = model[0];","","\treturn function (val) {","\t\tvar result;","","\t\tif (arguments.length) {","\t\t\tif (modifier) {","\t\t\t\tval = modifier(val);","\t\t\t}","","\t\t\tresult = this[model]();","\t\t\tresult.color[channel] = val;","\t\t\treturn result;","\t\t}","","\t\tresult = this[model]().color[channel];","\t\tif (modifier) {","\t\t\tresult = modifier(result);","\t\t}","","\t\treturn result;","\t};","}","","function maxfn(max) {","\treturn function (v) {","\t\treturn Math.max(0, Math.min(max, v));","\t};","}","","function assertArray(val) {","\treturn Array.isArray(val) ? val : [val];","}","","function zeroArray(arr, length) {","\tfor (var i = 0; i < length; i++) {","\t\tif (typeof arr[i] !== 'number') {","\t\t\tarr[i] = 0;","\t\t}","\t}","","\treturn arr;","}","","module.exports = Color;",""],"l":{"3":1,"4":1,"6":1,"8":1,"19":1,"20":1,"21":15,"24":1,"26":1,"27":0,"28":0,"31":0,"32":0,"35":0,"36":0,"39":0,"40":0,"42":0,"43":0,"44":0,"45":0,"46":0,"47":0,"48":0,"49":0,"50":0,"51":0,"52":0,"53":0,"56":0,"57":0,"58":0,"59":0,"60":0,"61":0,"62":0,"63":0,"64":0,"65":0,"66":0,"68":0,"69":0,"70":0,"75":0,"77":0,"79":0,"80":0,"81":0,"82":0,"85":0,"86":0,"87":0,"90":0,"92":0,"93":0,"94":0,"95":0,"98":0,"102":0,"103":0,"104":0,"105":0,"106":0,"107":0,"112":0,"114":0,"115":0,"119":1,"121":0,"125":0,"129":0,"130":0,"131":0,"132":0,"136":0,"137":0,"138":0,"142":0,"146":0,"147":0,"148":0,"150":0,"151":0,"154":0,"155":0,"158":0,"162":0,"163":0,"164":0,"165":0,"167":0,"168":0,"171":0,"175":0,"176":0,"177":0,"178":0,"180":0,"181":0,"184":0,"188":0,"189":0,"193":0,"194":0,"197":0,"205":0,"233":0,"234":0,"237":0,"241":0,"242":0,"245":0,"249":0,"250":0,"255":0,"257":0,"258":0,"259":0,"260":0,"263":0,"268":0,"269":0,"271":0,"272":0,"275":0,"279":0,"280":0,"281":0,"284":0,"289":0,"290":0,"291":0,"295":0,"299":0,"300":0,"301":0,"303":0,"307":0,"308":0,"309":0,"313":0,"314":0,"315":0,"319":0,"320":0,"321":0,"325":0,"326":0,"327":0,"331":0,"332":0,"333":0,"337":0,"338":0,"339":0,"344":0,"345":0,"346":0,"350":0,"354":0,"358":0,"359":0,"360":0,"361":0,"362":0,"363":0,"369":0,"370":0,"371":0,"373":0,"374":0,"376":0,"377":0,"379":0,"388":1,"389":15,"390":3,"393":12,"396":12,"397":0,"398":0,"401":0,"402":0,"405":0,"406":0,"410":12,"411":0,"412":0,"414":0,"418":1,"419":0,"422":1,"423":0,"424":0,"428":1,"429":22,"431":22,"432":26,"435":22,"437":22,"438":0,"440":0,"441":0,"442":0,"445":0,"446":0,"447":0,"450":0,"451":0,"452":0,"455":0,"459":1,"460":19,"461":0,"465":1,"466":0,"469":1,"470":0,"471":0,"472":0,"476":0,"479":1}}}